<?xml version="1.0" encoding="UTF-8"?>
<testsuite name="com.example.service.BasicServiceTest" tests="8" skipped="0" failures="0" errors="0" timestamp="2017-10-20T11:02:10" hostname="FKXGRH2" time="0.12">
  <properties/>
  <testcase name="getWebServices" classname="com.example.service.BasicServiceTest" time="0.02"/>
  <testcase name="getWebServices1" classname="com.example.service.BasicServiceTest" time="0.02"/>
  <testcase name="addWebService" classname="com.example.service.BasicServiceTest" time="0.03"/>
  <testcase name="exists" classname="com.example.service.BasicServiceTest" time="0.0"/>
  <testcase name="findOne" classname="com.example.service.BasicServiceTest" time="0.01"/>
  <testcase name="deleteAll" classname="com.example.service.BasicServiceTest" time="0.02"/>
  <testcase name="deleteById" classname="com.example.service.BasicServiceTest" time="0.01"/>
  <testcase name="getWithCriteria" classname="com.example.service.BasicServiceTest" time="0.01"/>
  <system-out><![CDATA[2017-10-20 14:02:10.955  INFO 7668 --- [    Test worker] .b.t.c.SpringBootTestContextBootstrapper : Neither @ContextConfiguration nor @ContextHierarchy found for test class [com.example.service.BasicServiceTest], using SpringBootContextLoader
2017-10-20 14:02:10.955  INFO 7668 --- [    Test worker] o.s.t.c.support.AbstractContextLoader    : Could not detect default resource locations for test class [com.example.service.BasicServiceTest]: no resource found for suffixes {-context.xml, Context.groovy}.
2017-10-20 14:02:10.955  INFO 7668 --- [    Test worker] t.c.s.AnnotationConfigContextLoaderUtils : Could not detect default configuration classes for test class [com.example.service.BasicServiceTest]: BasicServiceTest does not declare any static, non-private, non-final, nested classes annotated with @Configuration.
2017-10-20 14:02:10.965  INFO 7668 --- [    Test worker] .b.t.c.SpringBootTestContextBootstrapper : Found @SpringBootConfiguration com.example.SpringBootPostgresExample for test class com.example.service.BasicServiceTest
2017-10-20 14:02:10.965  INFO 7668 --- [    Test worker] .b.t.c.SpringBootTestContextBootstrapper : Loaded default TestExecutionListener class names from location [META-INF/spring.factories]: [org.springframework.boot.test.autoconfigure.restdocs.RestDocsTestExecutionListener, org.springframework.boot.test.autoconfigure.web.client.MockRestServiceServerResetTestExecutionListener, org.springframework.boot.test.autoconfigure.web.servlet.MockMvcPrintOnlyOnFailureTestExecutionListener, org.springframework.boot.test.autoconfigure.web.servlet.WebDriverTestExecutionListener, org.springframework.boot.test.mock.mockito.MockitoTestExecutionListener, org.springframework.boot.test.mock.mockito.ResetMocksTestExecutionListener, org.springframework.test.context.web.ServletTestExecutionListener, org.springframework.test.context.support.DirtiesContextBeforeModesTestExecutionListener, org.springframework.test.context.support.DependencyInjectionTestExecutionListener, org.springframework.test.context.support.DirtiesContextTestExecutionListener, org.springframework.test.context.transaction.TransactionalTestExecutionListener, org.springframework.test.context.jdbc.SqlScriptsTestExecutionListener]
2017-10-20 14:02:10.965  INFO 7668 --- [    Test worker] .b.t.c.SpringBootTestContextBootstrapper : Using TestExecutionListeners: [org.springframework.test.context.web.ServletTestExecutionListener@6a38dbf9, org.springframework.test.context.support.DirtiesContextBeforeModesTestExecutionListener@5495854d, org.springframework.boot.test.autoconfigure.SpringBootDependencyInjectionTestExecutionListener@15710598, org.springframework.test.context.support.DirtiesContextTestExecutionListener@19b880f7, org.springframework.test.context.transaction.TransactionalTestExecutionListener@35f3772a, org.springframework.test.context.jdbc.SqlScriptsTestExecutionListener@4d343334, org.springframework.boot.test.mock.mockito.MockitoTestExecutionListener@5074b2cf, org.springframework.boot.test.autoconfigure.web.client.MockRestServiceServerResetTestExecutionListener@d162f0e, org.springframework.boot.test.autoconfigure.restdocs.RestDocsTestExecutionListener@237243a1, org.springframework.boot.test.autoconfigure.web.servlet.WebDriverTestExecutionListener@4fb37968, org.springframework.boot.test.mock.mockito.ResetMocksTestExecutionListener@3a24589b, org.springframework.boot.test.autoconfigure.web.servlet.MockMvcPrintOnlyOnFailureTestExecutionListener@6f66e8e]
2017-10-20 14:02:10.975  INFO 7668 --- [    Test worker] o.s.t.c.transaction.TransactionContext   : Began transaction (1) for test context [DefaultTestContext@3af1fb16 testClass = BasicServiceTest, testInstance = com.example.service.BasicServiceTest@22ed6017, testMethod = getWebServices@BasicServiceTest, testException = [null], mergedContextConfiguration = [WebMergedContextConfiguration@37285aba testClass = BasicServiceTest, locations = '{}', classes = '{class com.example.SpringBootPostgresExample}', contextInitializerClasses = '[]', activeProfiles = '{}', propertySourceLocations = '{}', propertySourceProperties = '{org.springframework.boot.test.context.SpringBootTestContextBootstrapper=true}', contextCustomizers = set[org.springframework.boot.test.autoconfigure.properties.PropertyMappingContextCustomizer@0, org.springframework.boot.test.autoconfigure.web.servlet.WebDriverContextCustomizerFactory$Customizer@56fc8e13, org.springframework.boot.test.context.SpringBootTestContextCustomizer@7ba2b790, org.springframework.boot.test.context.filter.ExcludeFilterContextCustomizer@2a6a3a3e, org.springframework.boot.test.json.DuplicateJsonObjectContextCustomizerFactory$DuplicateJsonObjectContextCustomizer@75703b34, org.springframework.boot.test.mock.mockito.MockitoContextCustomizer@0], resourceBasePath = 'src/main/webapp', contextLoader = 'org.springframework.boot.test.context.SpringBootContextLoader', parent = [null]]]; transaction manager [org.springframework.orm.jpa.JpaTransactionManager@662594cc]; rollback [true]
Hibernate: select webservice0_.id as id1_0_, webservice0_.date_contract as date_con2_0_, webservice0_.json_data as json_dat3_0_, webservice0_.name as name4_0_, webservice0_.price as price5_0_ from public.web_service webservice0_
2017-10-20 14:02:10.995  INFO 7668 --- [    Test worker] o.s.t.c.transaction.TransactionContext   : Rolled back transaction for test context [DefaultTestContext@3af1fb16 testClass = BasicServiceTest, testInstance = com.example.service.BasicServiceTest@22ed6017, testMethod = getWebServices@BasicServiceTest, testException = [null], mergedContextConfiguration = [WebMergedContextConfiguration@37285aba testClass = BasicServiceTest, locations = '{}', classes = '{class com.example.SpringBootPostgresExample}', contextInitializerClasses = '[]', activeProfiles = '{}', propertySourceLocations = '{}', propertySourceProperties = '{org.springframework.boot.test.context.SpringBootTestContextBootstrapper=true}', contextCustomizers = set[org.springframework.boot.test.autoconfigure.properties.PropertyMappingContextCustomizer@0, org.springframework.boot.test.autoconfigure.web.servlet.WebDriverContextCustomizerFactory$Customizer@56fc8e13, org.springframework.boot.test.context.SpringBootTestContextCustomizer@7ba2b790, org.springframework.boot.test.context.filter.ExcludeFilterContextCustomizer@2a6a3a3e, org.springframework.boot.test.json.DuplicateJsonObjectContextCustomizerFactory$DuplicateJsonObjectContextCustomizer@75703b34, org.springframework.boot.test.mock.mockito.MockitoContextCustomizer@0], resourceBasePath = 'src/main/webapp', contextLoader = 'org.springframework.boot.test.context.SpringBootContextLoader', parent = [null]]].
2017-10-20 14:02:10.995  INFO 7668 --- [    Test worker] o.s.t.c.transaction.TransactionContext   : Began transaction (1) for test context [DefaultTestContext@3af1fb16 testClass = BasicServiceTest, testInstance = com.example.service.BasicServiceTest@35da81aa, testMethod = getWebServices1@BasicServiceTest, testException = [null], mergedContextConfiguration = [WebMergedContextConfiguration@37285aba testClass = BasicServiceTest, locations = '{}', classes = '{class com.example.SpringBootPostgresExample}', contextInitializerClasses = '[]', activeProfiles = '{}', propertySourceLocations = '{}', propertySourceProperties = '{org.springframework.boot.test.context.SpringBootTestContextBootstrapper=true}', contextCustomizers = set[org.springframework.boot.test.autoconfigure.properties.PropertyMappingContextCustomizer@0, org.springframework.boot.test.autoconfigure.web.servlet.WebDriverContextCustomizerFactory$Customizer@56fc8e13, org.springframework.boot.test.context.SpringBootTestContextCustomizer@7ba2b790, org.springframework.boot.test.context.filter.ExcludeFilterContextCustomizer@2a6a3a3e, org.springframework.boot.test.json.DuplicateJsonObjectContextCustomizerFactory$DuplicateJsonObjectContextCustomizer@75703b34, org.springframework.boot.test.mock.mockito.MockitoContextCustomizer@0], resourceBasePath = 'src/main/webapp', contextLoader = 'org.springframework.boot.test.context.SpringBootContextLoader', parent = [null]]]; transaction manager [org.springframework.orm.jpa.JpaTransactionManager@662594cc]; rollback [true]
Hibernate: select webservice0_.id as id1_0_, webservice0_.date_contract as date_con2_0_, webservice0_.json_data as json_dat3_0_, webservice0_.name as name4_0_, webservice0_.price as price5_0_ from public.web_service webservice0_ order by webservice0_.id asc
Hibernate: update public.web_service set date_contract=?, json_data=?, name=?, price=? where id=?
Hibernate: update public.web_service set date_contract=?, json_data=?, name=?, price=? where id=?
Hibernate: update public.web_service set date_contract=?, json_data=?, name=?, price=? where id=?
Hibernate: update public.web_service set date_contract=?, json_data=?, name=?, price=? where id=?
Hibernate: update public.web_service set date_contract=?, json_data=?, name=?, price=? where id=?
Hibernate: update public.web_service set date_contract=?, json_data=?, name=?, price=? where id=?
Hibernate: update public.web_service set date_contract=?, json_data=?, name=?, price=? where id=?
Hibernate: select webservice0_.id as id1_0_, webservice0_.date_contract as date_con2_0_, webservice0_.json_data as json_dat3_0_, webservice0_.name as name4_0_, webservice0_.price as price5_0_ from public.web_service webservice0_ order by webservice0_.id desc
2017-10-20 14:02:11.015  INFO 7668 --- [    Test worker] o.s.t.c.transaction.TransactionContext   : Rolled back transaction for test context [DefaultTestContext@3af1fb16 testClass = BasicServiceTest, testInstance = com.example.service.BasicServiceTest@35da81aa, testMethod = getWebServices1@BasicServiceTest, testException = [null], mergedContextConfiguration = [WebMergedContextConfiguration@37285aba testClass = BasicServiceTest, locations = '{}', classes = '{class com.example.SpringBootPostgresExample}', contextInitializerClasses = '[]', activeProfiles = '{}', propertySourceLocations = '{}', propertySourceProperties = '{org.springframework.boot.test.context.SpringBootTestContextBootstrapper=true}', contextCustomizers = set[org.springframework.boot.test.autoconfigure.properties.PropertyMappingContextCustomizer@0, org.springframework.boot.test.autoconfigure.web.servlet.WebDriverContextCustomizerFactory$Customizer@56fc8e13, org.springframework.boot.test.context.SpringBootTestContextCustomizer@7ba2b790, org.springframework.boot.test.context.filter.ExcludeFilterContextCustomizer@2a6a3a3e, org.springframework.boot.test.json.DuplicateJsonObjectContextCustomizerFactory$DuplicateJsonObjectContextCustomizer@75703b34, org.springframework.boot.test.mock.mockito.MockitoContextCustomizer@0], resourceBasePath = 'src/main/webapp', contextLoader = 'org.springframework.boot.test.context.SpringBootContextLoader', parent = [null]]].
2017-10-20 14:02:11.015  INFO 7668 --- [    Test worker] o.s.t.c.transaction.TransactionContext   : Began transaction (1) for test context [DefaultTestContext@3af1fb16 testClass = BasicServiceTest, testInstance = com.example.service.BasicServiceTest@57c38c47, testMethod = addWebService@BasicServiceTest, testException = [null], mergedContextConfiguration = [WebMergedContextConfiguration@37285aba testClass = BasicServiceTest, locations = '{}', classes = '{class com.example.SpringBootPostgresExample}', contextInitializerClasses = '[]', activeProfiles = '{}', propertySourceLocations = '{}', propertySourceProperties = '{org.springframework.boot.test.context.SpringBootTestContextBootstrapper=true}', contextCustomizers = set[org.springframework.boot.test.autoconfigure.properties.PropertyMappingContextCustomizer@0, org.springframework.boot.test.autoconfigure.web.servlet.WebDriverContextCustomizerFactory$Customizer@56fc8e13, org.springframework.boot.test.context.SpringBootTestContextCustomizer@7ba2b790, org.springframework.boot.test.context.filter.ExcludeFilterContextCustomizer@2a6a3a3e, org.springframework.boot.test.json.DuplicateJsonObjectContextCustomizerFactory$DuplicateJsonObjectContextCustomizer@75703b34, org.springframework.boot.test.mock.mockito.MockitoContextCustomizer@0], resourceBasePath = 'src/main/webapp', contextLoader = 'org.springframework.boot.test.context.SpringBootContextLoader', parent = [null]]]; transaction manager [org.springframework.orm.jpa.JpaTransactionManager@662594cc]; rollback [true]
Hibernate: select count(*) as col_0_0_ from public.web_service webservice0_ where webservice0_.id=?
Hibernate: select webservice0_.id as id1_0_0_, webservice0_.date_contract as date_con2_0_0_, webservice0_.json_data as json_dat3_0_0_, webservice0_.name as name4_0_0_, webservice0_.price as price5_0_0_ from public.web_service webservice0_ where webservice0_.id=?
Hibernate: insert into public.web_service (date_contract, json_data, name, price, id) values (?, ?, ?, ?, ?)
Hibernate: select count(*) as col_0_0_ from public.web_service webservice0_ where webservice0_.id=?
2017-10-20 14:02:11.035  INFO 7668 --- [    Test worker] o.s.t.c.transaction.TransactionContext   : Rolled back transaction for test context [DefaultTestContext@3af1fb16 testClass = BasicServiceTest, testInstance = com.example.service.BasicServiceTest@57c38c47, testMethod = addWebService@BasicServiceTest, testException = [null], mergedContextConfiguration = [WebMergedContextConfiguration@37285aba testClass = BasicServiceTest, locations = '{}', classes = '{class com.example.SpringBootPostgresExample}', contextInitializerClasses = '[]', activeProfiles = '{}', propertySourceLocations = '{}', propertySourceProperties = '{org.springframework.boot.test.context.SpringBootTestContextBootstrapper=true}', contextCustomizers = set[org.springframework.boot.test.autoconfigure.properties.PropertyMappingContextCustomizer@0, org.springframework.boot.test.autoconfigure.web.servlet.WebDriverContextCustomizerFactory$Customizer@56fc8e13, org.springframework.boot.test.context.SpringBootTestContextCustomizer@7ba2b790, org.springframework.boot.test.context.filter.ExcludeFilterContextCustomizer@2a6a3a3e, org.springframework.boot.test.json.DuplicateJsonObjectContextCustomizerFactory$DuplicateJsonObjectContextCustomizer@75703b34, org.springframework.boot.test.mock.mockito.MockitoContextCustomizer@0], resourceBasePath = 'src/main/webapp', contextLoader = 'org.springframework.boot.test.context.SpringBootContextLoader', parent = [null]]].
2017-10-20 14:02:11.045  INFO 7668 --- [    Test worker] o.s.t.c.transaction.TransactionContext   : Began transaction (1) for test context [DefaultTestContext@3af1fb16 testClass = BasicServiceTest, testInstance = com.example.service.BasicServiceTest@602b5dd0, testMethod = exists@BasicServiceTest, testException = [null], mergedContextConfiguration = [WebMergedContextConfiguration@37285aba testClass = BasicServiceTest, locations = '{}', classes = '{class com.example.SpringBootPostgresExample}', contextInitializerClasses = '[]', activeProfiles = '{}', propertySourceLocations = '{}', propertySourceProperties = '{org.springframework.boot.test.context.SpringBootTestContextBootstrapper=true}', contextCustomizers = set[org.springframework.boot.test.autoconfigure.properties.PropertyMappingContextCustomizer@0, org.springframework.boot.test.autoconfigure.web.servlet.WebDriverContextCustomizerFactory$Customizer@56fc8e13, org.springframework.boot.test.context.SpringBootTestContextCustomizer@7ba2b790, org.springframework.boot.test.context.filter.ExcludeFilterContextCustomizer@2a6a3a3e, org.springframework.boot.test.json.DuplicateJsonObjectContextCustomizerFactory$DuplicateJsonObjectContextCustomizer@75703b34, org.springframework.boot.test.mock.mockito.MockitoContextCustomizer@0], resourceBasePath = 'src/main/webapp', contextLoader = 'org.springframework.boot.test.context.SpringBootContextLoader', parent = [null]]]; transaction manager [org.springframework.orm.jpa.JpaTransactionManager@662594cc]; rollback [true]
Hibernate: select count(*) as col_0_0_ from public.web_service webservice0_ where webservice0_.id=?
Hibernate: select count(*) as col_0_0_ from public.web_service webservice0_ where webservice0_.id=?
2017-10-20 14:02:11.045  INFO 7668 --- [    Test worker] o.s.t.c.transaction.TransactionContext   : Rolled back transaction for test context [DefaultTestContext@3af1fb16 testClass = BasicServiceTest, testInstance = com.example.service.BasicServiceTest@602b5dd0, testMethod = exists@BasicServiceTest, testException = [null], mergedContextConfiguration = [WebMergedContextConfiguration@37285aba testClass = BasicServiceTest, locations = '{}', classes = '{class com.example.SpringBootPostgresExample}', contextInitializerClasses = '[]', activeProfiles = '{}', propertySourceLocations = '{}', propertySourceProperties = '{org.springframework.boot.test.context.SpringBootTestContextBootstrapper=true}', contextCustomizers = set[org.springframework.boot.test.autoconfigure.properties.PropertyMappingContextCustomizer@0, org.springframework.boot.test.autoconfigure.web.servlet.WebDriverContextCustomizerFactory$Customizer@56fc8e13, org.springframework.boot.test.context.SpringBootTestContextCustomizer@7ba2b790, org.springframework.boot.test.context.filter.ExcludeFilterContextCustomizer@2a6a3a3e, org.springframework.boot.test.json.DuplicateJsonObjectContextCustomizerFactory$DuplicateJsonObjectContextCustomizer@75703b34, org.springframework.boot.test.mock.mockito.MockitoContextCustomizer@0], resourceBasePath = 'src/main/webapp', contextLoader = 'org.springframework.boot.test.context.SpringBootContextLoader', parent = [null]]].
2017-10-20 14:02:11.045  INFO 7668 --- [    Test worker] o.s.t.c.transaction.TransactionContext   : Began transaction (1) for test context [DefaultTestContext@3af1fb16 testClass = BasicServiceTest, testInstance = com.example.service.BasicServiceTest@720059b4, testMethod = findOne@BasicServiceTest, testException = [null], mergedContextConfiguration = [WebMergedContextConfiguration@37285aba testClass = BasicServiceTest, locations = '{}', classes = '{class com.example.SpringBootPostgresExample}', contextInitializerClasses = '[]', activeProfiles = '{}', propertySourceLocations = '{}', propertySourceProperties = '{org.springframework.boot.test.context.SpringBootTestContextBootstrapper=true}', contextCustomizers = set[org.springframework.boot.test.autoconfigure.properties.PropertyMappingContextCustomizer@0, org.springframework.boot.test.autoconfigure.web.servlet.WebDriverContextCustomizerFactory$Customizer@56fc8e13, org.springframework.boot.test.context.SpringBootTestContextCustomizer@7ba2b790, org.springframework.boot.test.context.filter.ExcludeFilterContextCustomizer@2a6a3a3e, org.springframework.boot.test.json.DuplicateJsonObjectContextCustomizerFactory$DuplicateJsonObjectContextCustomizer@75703b34, org.springframework.boot.test.mock.mockito.MockitoContextCustomizer@0], resourceBasePath = 'src/main/webapp', contextLoader = 'org.springframework.boot.test.context.SpringBootContextLoader', parent = [null]]]; transaction manager [org.springframework.orm.jpa.JpaTransactionManager@662594cc]; rollback [true]
Hibernate: select webservice0_.id as id1_0_0_, webservice0_.date_contract as date_con2_0_0_, webservice0_.json_data as json_dat3_0_0_, webservice0_.name as name4_0_0_, webservice0_.price as price5_0_0_ from public.web_service webservice0_ where webservice0_.id=?
2017-10-20 14:02:11.055  INFO 7668 --- [    Test worker] o.s.t.c.transaction.TransactionContext   : Rolled back transaction for test context [DefaultTestContext@3af1fb16 testClass = BasicServiceTest, testInstance = com.example.service.BasicServiceTest@720059b4, testMethod = findOne@BasicServiceTest, testException = [null], mergedContextConfiguration = [WebMergedContextConfiguration@37285aba testClass = BasicServiceTest, locations = '{}', classes = '{class com.example.SpringBootPostgresExample}', contextInitializerClasses = '[]', activeProfiles = '{}', propertySourceLocations = '{}', propertySourceProperties = '{org.springframework.boot.test.context.SpringBootTestContextBootstrapper=true}', contextCustomizers = set[org.springframework.boot.test.autoconfigure.properties.PropertyMappingContextCustomizer@0, org.springframework.boot.test.autoconfigure.web.servlet.WebDriverContextCustomizerFactory$Customizer@56fc8e13, org.springframework.boot.test.context.SpringBootTestContextCustomizer@7ba2b790, org.springframework.boot.test.context.filter.ExcludeFilterContextCustomizer@2a6a3a3e, org.springframework.boot.test.json.DuplicateJsonObjectContextCustomizerFactory$DuplicateJsonObjectContextCustomizer@75703b34, org.springframework.boot.test.mock.mockito.MockitoContextCustomizer@0], resourceBasePath = 'src/main/webapp', contextLoader = 'org.springframework.boot.test.context.SpringBootContextLoader', parent = [null]]].
2017-10-20 14:02:11.055  INFO 7668 --- [    Test worker] o.s.t.c.transaction.TransactionContext   : Began transaction (1) for test context [DefaultTestContext@3af1fb16 testClass = BasicServiceTest, testInstance = com.example.service.BasicServiceTest@4d99af3f, testMethod = deleteAll@BasicServiceTest, testException = [null], mergedContextConfiguration = [WebMergedContextConfiguration@37285aba testClass = BasicServiceTest, locations = '{}', classes = '{class com.example.SpringBootPostgresExample}', contextInitializerClasses = '[]', activeProfiles = '{}', propertySourceLocations = '{}', propertySourceProperties = '{org.springframework.boot.test.context.SpringBootTestContextBootstrapper=true}', contextCustomizers = set[org.springframework.boot.test.autoconfigure.properties.PropertyMappingContextCustomizer@0, org.springframework.boot.test.autoconfigure.web.servlet.WebDriverContextCustomizerFactory$Customizer@56fc8e13, org.springframework.boot.test.context.SpringBootTestContextCustomizer@7ba2b790, org.springframework.boot.test.context.filter.ExcludeFilterContextCustomizer@2a6a3a3e, org.springframework.boot.test.json.DuplicateJsonObjectContextCustomizerFactory$DuplicateJsonObjectContextCustomizer@75703b34, org.springframework.boot.test.mock.mockito.MockitoContextCustomizer@0], resourceBasePath = 'src/main/webapp', contextLoader = 'org.springframework.boot.test.context.SpringBootContextLoader', parent = [null]]]; transaction manager [org.springframework.orm.jpa.JpaTransactionManager@662594cc]; rollback [true]
Hibernate: select webservice0_.id as id1_0_, webservice0_.date_contract as date_con2_0_, webservice0_.json_data as json_dat3_0_, webservice0_.name as name4_0_, webservice0_.price as price5_0_ from public.web_service webservice0_
Hibernate: update public.web_service set date_contract=?, json_data=?, name=?, price=? where id=?
Hibernate: update public.web_service set date_contract=?, json_data=?, name=?, price=? where id=?
Hibernate: update public.web_service set date_contract=?, json_data=?, name=?, price=? where id=?
Hibernate: update public.web_service set date_contract=?, json_data=?, name=?, price=? where id=?
Hibernate: update public.web_service set date_contract=?, json_data=?, name=?, price=? where id=?
Hibernate: update public.web_service set date_contract=?, json_data=?, name=?, price=? where id=?
Hibernate: update public.web_service set date_contract=?, json_data=?, name=?, price=? where id=?
Hibernate: delete from public.web_service where id=?
Hibernate: delete from public.web_service where id=?
Hibernate: delete from public.web_service where id=?
Hibernate: delete from public.web_service where id=?
Hibernate: delete from public.web_service where id=?
Hibernate: delete from public.web_service where id=?
Hibernate: delete from public.web_service where id=?
Hibernate: select webservice0_.id as id1_0_, webservice0_.date_contract as date_con2_0_, webservice0_.json_data as json_dat3_0_, webservice0_.name as name4_0_, webservice0_.price as price5_0_ from public.web_service webservice0_
2017-10-20 14:02:11.075  INFO 7668 --- [    Test worker] o.s.t.c.transaction.TransactionContext   : Rolled back transaction for test context [DefaultTestContext@3af1fb16 testClass = BasicServiceTest, testInstance = com.example.service.BasicServiceTest@4d99af3f, testMethod = deleteAll@BasicServiceTest, testException = [null], mergedContextConfiguration = [WebMergedContextConfiguration@37285aba testClass = BasicServiceTest, locations = '{}', classes = '{class com.example.SpringBootPostgresExample}', contextInitializerClasses = '[]', activeProfiles = '{}', propertySourceLocations = '{}', propertySourceProperties = '{org.springframework.boot.test.context.SpringBootTestContextBootstrapper=true}', contextCustomizers = set[org.springframework.boot.test.autoconfigure.properties.PropertyMappingContextCustomizer@0, org.springframework.boot.test.autoconfigure.web.servlet.WebDriverContextCustomizerFactory$Customizer@56fc8e13, org.springframework.boot.test.context.SpringBootTestContextCustomizer@7ba2b790, org.springframework.boot.test.context.filter.ExcludeFilterContextCustomizer@2a6a3a3e, org.springframework.boot.test.json.DuplicateJsonObjectContextCustomizerFactory$DuplicateJsonObjectContextCustomizer@75703b34, org.springframework.boot.test.mock.mockito.MockitoContextCustomizer@0], resourceBasePath = 'src/main/webapp', contextLoader = 'org.springframework.boot.test.context.SpringBootContextLoader', parent = [null]]].
2017-10-20 14:02:11.075  INFO 7668 --- [    Test worker] o.s.t.c.transaction.TransactionContext   : Began transaction (1) for test context [DefaultTestContext@3af1fb16 testClass = BasicServiceTest, testInstance = com.example.service.BasicServiceTest@4daa43b, testMethod = deleteById@BasicServiceTest, testException = [null], mergedContextConfiguration = [WebMergedContextConfiguration@37285aba testClass = BasicServiceTest, locations = '{}', classes = '{class com.example.SpringBootPostgresExample}', contextInitializerClasses = '[]', activeProfiles = '{}', propertySourceLocations = '{}', propertySourceProperties = '{org.springframework.boot.test.context.SpringBootTestContextBootstrapper=true}', contextCustomizers = set[org.springframework.boot.test.autoconfigure.properties.PropertyMappingContextCustomizer@0, org.springframework.boot.test.autoconfigure.web.servlet.WebDriverContextCustomizerFactory$Customizer@56fc8e13, org.springframework.boot.test.context.SpringBootTestContextCustomizer@7ba2b790, org.springframework.boot.test.context.filter.ExcludeFilterContextCustomizer@2a6a3a3e, org.springframework.boot.test.json.DuplicateJsonObjectContextCustomizerFactory$DuplicateJsonObjectContextCustomizer@75703b34, org.springframework.boot.test.mock.mockito.MockitoContextCustomizer@0], resourceBasePath = 'src/main/webapp', contextLoader = 'org.springframework.boot.test.context.SpringBootContextLoader', parent = [null]]]; transaction manager [org.springframework.orm.jpa.JpaTransactionManager@662594cc]; rollback [true]
Hibernate: select count(*) as col_0_0_ from public.web_service webservice0_ where webservice0_.id=?
Hibernate: select webservice0_.id as id1_0_0_, webservice0_.date_contract as date_con2_0_0_, webservice0_.json_data as json_dat3_0_0_, webservice0_.name as name4_0_0_, webservice0_.price as price5_0_0_ from public.web_service webservice0_ where webservice0_.id=?
Hibernate: update public.web_service set date_contract=?, json_data=?, name=?, price=? where id=?
Hibernate: delete from public.web_service where id=?
Hibernate: select count(*) as col_0_0_ from public.web_service webservice0_ where webservice0_.id=?
2017-10-20 14:02:11.085  INFO 7668 --- [    Test worker] o.s.t.c.transaction.TransactionContext   : Rolled back transaction for test context [DefaultTestContext@3af1fb16 testClass = BasicServiceTest, testInstance = com.example.service.BasicServiceTest@4daa43b, testMethod = deleteById@BasicServiceTest, testException = [null], mergedContextConfiguration = [WebMergedContextConfiguration@37285aba testClass = BasicServiceTest, locations = '{}', classes = '{class com.example.SpringBootPostgresExample}', contextInitializerClasses = '[]', activeProfiles = '{}', propertySourceLocations = '{}', propertySourceProperties = '{org.springframework.boot.test.context.SpringBootTestContextBootstrapper=true}', contextCustomizers = set[org.springframework.boot.test.autoconfigure.properties.PropertyMappingContextCustomizer@0, org.springframework.boot.test.autoconfigure.web.servlet.WebDriverContextCustomizerFactory$Customizer@56fc8e13, org.springframework.boot.test.context.SpringBootTestContextCustomizer@7ba2b790, org.springframework.boot.test.context.filter.ExcludeFilterContextCustomizer@2a6a3a3e, org.springframework.boot.test.json.DuplicateJsonObjectContextCustomizerFactory$DuplicateJsonObjectContextCustomizer@75703b34, org.springframework.boot.test.mock.mockito.MockitoContextCustomizer@0], resourceBasePath = 'src/main/webapp', contextLoader = 'org.springframework.boot.test.context.SpringBootContextLoader', parent = [null]]].
2017-10-20 14:02:11.085  INFO 7668 --- [    Test worker] o.s.t.c.transaction.TransactionContext   : Began transaction (1) for test context [DefaultTestContext@3af1fb16 testClass = BasicServiceTest, testInstance = com.example.service.BasicServiceTest@4f7b9e91, testMethod = getWithCriteria@BasicServiceTest, testException = [null], mergedContextConfiguration = [WebMergedContextConfiguration@37285aba testClass = BasicServiceTest, locations = '{}', classes = '{class com.example.SpringBootPostgresExample}', contextInitializerClasses = '[]', activeProfiles = '{}', propertySourceLocations = '{}', propertySourceProperties = '{org.springframework.boot.test.context.SpringBootTestContextBootstrapper=true}', contextCustomizers = set[org.springframework.boot.test.autoconfigure.properties.PropertyMappingContextCustomizer@0, org.springframework.boot.test.autoconfigure.web.servlet.WebDriverContextCustomizerFactory$Customizer@56fc8e13, org.springframework.boot.test.context.SpringBootTestContextCustomizer@7ba2b790, org.springframework.boot.test.context.filter.ExcludeFilterContextCustomizer@2a6a3a3e, org.springframework.boot.test.json.DuplicateJsonObjectContextCustomizerFactory$DuplicateJsonObjectContextCustomizer@75703b34, org.springframework.boot.test.mock.mockito.MockitoContextCustomizer@0], resourceBasePath = 'src/main/webapp', contextLoader = 'org.springframework.boot.test.context.SpringBootContextLoader', parent = [null]]]; transaction manager [org.springframework.orm.jpa.JpaTransactionManager@662594cc]; rollback [true]
Hibernate: select webservice0_.id as id1_0_, webservice0_.date_contract as date_con2_0_, webservice0_.json_data as json_dat3_0_, webservice0_.name as name4_0_, webservice0_.price as price5_0_ from public.web_service webservice0_ where webservice0_.name like ?
2017-10-20 14:02:11.095  INFO 7668 --- [    Test worker] o.s.t.c.transaction.TransactionContext   : Rolled back transaction for test context [DefaultTestContext@3af1fb16 testClass = BasicServiceTest, testInstance = com.example.service.BasicServiceTest@4f7b9e91, testMethod = getWithCriteria@BasicServiceTest, testException = [null], mergedContextConfiguration = [WebMergedContextConfiguration@37285aba testClass = BasicServiceTest, locations = '{}', classes = '{class com.example.SpringBootPostgresExample}', contextInitializerClasses = '[]', activeProfiles = '{}', propertySourceLocations = '{}', propertySourceProperties = '{org.springframework.boot.test.context.SpringBootTestContextBootstrapper=true}', contextCustomizers = set[org.springframework.boot.test.autoconfigure.properties.PropertyMappingContextCustomizer@0, org.springframework.boot.test.autoconfigure.web.servlet.WebDriverContextCustomizerFactory$Customizer@56fc8e13, org.springframework.boot.test.context.SpringBootTestContextCustomizer@7ba2b790, org.springframework.boot.test.context.filter.ExcludeFilterContextCustomizer@2a6a3a3e, org.springframework.boot.test.json.DuplicateJsonObjectContextCustomizerFactory$DuplicateJsonObjectContextCustomizer@75703b34, org.springframework.boot.test.mock.mockito.MockitoContextCustomizer@0], resourceBasePath = 'src/main/webapp', contextLoader = 'org.springframework.boot.test.context.SpringBootContextLoader', parent = [null]]].
]]></system-out>
  <system-err><![CDATA[]]></system-err>
</testsuite>
