<?xml version="1.0" encoding="UTF-8"?>
<testsuite name="com.example.service.AdvancedServiceTest" tests="4" skipped="0" failures="0" errors="0" timestamp="2017-10-20T11:02:10" hostname="FKXGRH2" time="0.16">
  <properties/>
  <testcase name="nativeQueryNameEndsWith13" classname="com.example.service.AdvancedServiceTest" time="0.11"/>
  <testcase name="getAllWithJsonData" classname="com.example.service.AdvancedServiceTest" time="0.03"/>
  <testcase name="findAllByNameEndsWith10" classname="com.example.service.AdvancedServiceTest" time="0.01"/>
  <testcase name="getByPriceGreaterOrEquals100" classname="com.example.service.AdvancedServiceTest" time="0.01"/>
  <system-out><![CDATA[14:02:06.236 [Test worker] DEBUG org.springframework.test.context.junit4.SpringJUnit4ClassRunner - SpringJUnit4ClassRunner constructor called with [class com.example.service.AdvancedServiceTest]
14:02:06.236 [Test worker] DEBUG org.springframework.test.context.BootstrapUtils - Instantiating CacheAwareContextLoaderDelegate from class [org.springframework.test.context.cache.DefaultCacheAwareContextLoaderDelegate]
14:02:06.246 [Test worker] DEBUG org.springframework.test.context.BootstrapUtils - Instantiating BootstrapContext using constructor [public org.springframework.test.context.support.DefaultBootstrapContext(java.lang.Class,org.springframework.test.context.CacheAwareContextLoaderDelegate)]
14:02:06.256 [Test worker] DEBUG org.springframework.test.context.BootstrapUtils - Instantiating TestContextBootstrapper for test class [com.example.service.AdvancedServiceTest] from class [org.springframework.boot.test.context.SpringBootTestContextBootstrapper]
14:02:06.266 [Test worker] INFO org.springframework.boot.test.context.SpringBootTestContextBootstrapper - Neither @ContextConfiguration nor @ContextHierarchy found for test class [com.example.service.AdvancedServiceTest], using SpringBootContextLoader
14:02:06.266 [Test worker] DEBUG org.springframework.test.context.support.AbstractContextLoader - Did not detect default resource location for test class [com.example.service.AdvancedServiceTest]: class path resource [com/example/service/AdvancedServiceTest-context.xml] does not exist
14:02:06.266 [Test worker] DEBUG org.springframework.test.context.support.AbstractContextLoader - Did not detect default resource location for test class [com.example.service.AdvancedServiceTest]: class path resource [com/example/service/AdvancedServiceTestContext.groovy] does not exist
14:02:06.266 [Test worker] INFO org.springframework.test.context.support.AbstractContextLoader - Could not detect default resource locations for test class [com.example.service.AdvancedServiceTest]: no resource found for suffixes {-context.xml, Context.groovy}.
14:02:06.276 [Test worker] INFO org.springframework.test.context.support.AnnotationConfigContextLoaderUtils - Could not detect default configuration classes for test class [com.example.service.AdvancedServiceTest]: AdvancedServiceTest does not declare any static, non-private, non-final, nested classes annotated with @Configuration.
14:02:06.306 [Test worker] DEBUG org.springframework.test.context.support.ActiveProfilesUtils - Could not find an 'annotation declaring class' for annotation type [org.springframework.test.context.ActiveProfiles] and class [com.example.service.AdvancedServiceTest]
14:02:06.306 [Test worker] DEBUG org.springframework.core.env.StandardEnvironment - Adding PropertySource 'systemProperties' with lowest search precedence
14:02:06.306 [Test worker] DEBUG org.springframework.core.env.StandardEnvironment - Adding PropertySource 'systemEnvironment' with lowest search precedence
14:02:06.306 [Test worker] DEBUG org.springframework.core.env.StandardEnvironment - Initialized StandardEnvironment with PropertySources [MapPropertySource@1948171710 {name='systemProperties', properties={java.runtime.name=Java(TM) SE Runtime Environment, sun.boot.library.path=C:\Program Files\Java\jdk1.8.0_144\jre\bin, java.vm.version=25.144-b01, java.vm.vendor=Oracle Corporation, java.vendor.url=http://java.oracle.com/, path.separator=;, java.vm.name=Java HotSpot(TM) 64-Bit Server VM, file.encoding.pkg=sun.io, user.script=, sun.java.launcher=SUN_STANDARD, user.country=RU, sun.os.patch.level=Service Pack 1, java.vm.specification.name=Java Virtual Machine Specification, user.dir=C:\studying\spring-boot, java.runtime.version=1.8.0_144-b01, java.awt.graphicsenv=sun.awt.Win32GraphicsEnvironment, java.endorsed.dirs=C:\Program Files\Java\jdk1.8.0_144\jre\lib\endorsed, os.arch=amd64, java.io.tmpdir=C:\Users\KNIGMA~1\AppData\Local\Temp\, line.separator=
, java.vm.specification.vendor=Oracle Corporation, user.variant=, os.name=Windows 7, sun.jnu.encoding=Cp1251, java.library.path=C:\Program Files\Java\jdk1.8.0_144\bin;C:\Windows\Sun\Java\bin;C:\Windows\system32;C:\Windows;C:\Program Files\ConEmu\ConEmu\Scripts;C:\Program Files\ConEmu;C:\Program Files\ConEmu\ConEmu;C:\Program Files (x86)\Intel\iCLS Client\;C:\Program Files\Intel\iCLS Client\;C:\Windows\system32;C:\Windows;C:\Windows\System32\Wbem;C:\Windows\System32\WindowsPowerShell\v1.0\;C:\Program Files (x86)\Intel\Intel(R) Management Engine Components\DAL;C:\Program Files\Intel\Intel(R) Management Engine Components\DAL;C:\Program Files (x86)\Intel\Intel(R) Management Engine Components\IPT;C:\Program Files\Intel\Intel(R) Management Engine Components\IPT;C:\Program Files (x86)\Skype\Phone\;C:\Program Files\TortoiseSVN\bin;C:\Program Files\Git\cmd;C:\Gradle\gradle-4.1\bin;C:\Program Files\PuTTY\;C:\Program Files (x86)\Apache Software Foundation\apache-maven-3.5.0\bin;C:\Program Files (x86)\Apache Software Foundation\apache-maven-3.5.0;C:\Program Files\Java\jdk1.8.0_144;C:\Program Files\Java\jdk1.8.0_144\bin;., java.specification.name=Java Platform API Specification, java.class.version=52.0, org.gradle.native=false, sun.management.compiler=HotSpot 64-Bit Tiered Compilers, os.version=6.1, user.home=C:\Users\knigmatullin, user.timezone=Europe/Moscow, java.awt.printerjob=sun.awt.windows.WPrinterJob, file.encoding=windows-1251, java.specification.version=1.8, java.class.path=C:\studying\spring-boot\build\classes\java\test;C:\studying\spring-boot\build\resources\test;C:\studying\spring-boot\build\classes\java\main;C:\studying\spring-boot\build\resources\main;C:\Users\knigmatullin\.gradle\caches\modules-2\files-2.1\org.springframework.boot\spring-boot-starter-data-jpa\1.5.8.RELEASE\55bb5e8aea5707f79ee9888ad75261a7b7df4654\spring-boot-starter-data-jpa-1.5.8.RELEASE.jar;C:\Users\knigmatullin\.gradle\caches\modules-2\files-2.1\org.springframework.boot\spring-boot-starter-thymeleaf\1.5.8.RELEASE\255b749537ca0fa48adeb0c15cf48734b9ffcf5e\spring-boot-starter-thymeleaf-1.5.8.RELEASE.jar;C:\Users\knigmatullin\.gradle\caches\modules-2\files-2.1\org.springframework.boot\spring-boot-starter-web\1.5.8.RELEASE\7e0dc79e3b47be4539ad3c033639133ae6b7a17e\spring-boot-starter-web-1.5.8.RELEASE.jar;C:\Users\knigmatullin\.gradle\caches\modules-2\files-2.1\org.springframework.boot\spring-boot-starter-security\1.5.8.RELEASE\1f143627e30e74244e83223a5a9347c95a2dafbc\spring-boot-starter-security-1.5.8.RELEASE.jar;C:\Users\knigmatullin\.gradle\caches\modules-2\files-2.1\org.springframework.boot\spring-boot-devtools\1.5.8.RELEASE\ea212262e3ae47e76fa176358fcf9ee2780b80da\spring-boot-devtools-1.5.8.RELEASE.jar;C:\Users\knigmatullin\.gradle\caches\modules-2\files-2.1\org.junit\junit5-engine\5.0.0-ALPHA\ba25b68b3b58463f98b98dd8473c32c3f7b8824a\junit5-engine-5.0.0-ALPHA.jar;C:\Users\knigmatullin\.gradle\caches\modules-2\files-2.1\org.postgresql\postgresql\42.1.1\8a0b76d763f5382d6357c412eeb14970ba4405f3\postgresql-42.1.1.jar;C:\Users\knigmatullin\.gradle\caches\modules-2\files-2.1\org.springframework.boot\spring-boot-starter-test\1.5.8.RELEASE\20b767f594924b32950286f1236ab7d68ff861f9\spring-boot-starter-test-1.5.8.RELEASE.jar;C:\Users\knigmatullin\.gradle\caches\modules-2\files-2.1\org.springframework.boot\spring-boot-starter-aop\1.5.8.RELEASE\9bc9a40e0718726ed48f6becc509b2d186f1ebcc\spring-boot-starter-aop-1.5.8.RELEASE.jar;C:\Users\knigmatullin\.gradle\caches\modules-2\files-2.1\org.springframework.boot\spring-boot-starter-jdbc\1.5.8.RELEASE\fc98631eba9817c920b9ac1c5845214f49637a33\spring-boot-starter-jdbc-1.5.8.RELEASE.jar;C:\Users\knigmatullin\.gradle\caches\modules-2\files-2.1\org.springframework.boot\spring-boot-starter\1.5.8.RELEASE\18048efe1f06569022a53cc3fb2fe9c0162935a3\spring-boot-starter-1.5.8.RELEASE.jar;C:\Users\knigmatullin\.gradle\caches\modules-2\files-2.1\org.hibernate\hibernate-entitymanager\5.0.12.Final\302a526f5058290e9cbd719a5caf9f248d344719\hibernate-entitymanager-5.0.12.Final.jar;C:\Users\knigmatullin\.gradle\caches\modules-2\files-2.1\org.hibernate\hibernate-core\5.0.12.Final\e58bf1c660e6706d8e2cbb53bae110f574366102\hibernate-core-5.0.12.Final.jar;C:\Users\knigmatullin\.gradle\caches\modules-2\files-2.1\javax.transaction\javax.transaction-api\1.2\d81aff979d603edd90dcd8db2abc1f4ce6479e3e\javax.transaction-api-1.2.jar;C:\Users\knigmatullin\.gradle\caches\modules-2\files-2.1\org.springframework.data\spring-data-jpa\1.11.8.RELEASE\d674b8407de3d2998c106557fd6a6665de2bc217\spring-data-jpa-1.11.8.RELEASE.jar;C:\Users\knigmatullin\.gradle\caches\modules-2\files-2.1\org.springframework\spring-aspects\4.3.12.RELEASE\b0002bfdd0d58f09fc178afc5f2d0553ff117840\spring-aspects-4.3.12.RELEASE.jar;C:\Users\knigmatullin\.gradle\caches\modules-2\files-2.1\org.springframework.boot\spring-boot-starter-tomcat\1.5.8.RELEASE\cf3b7eb7e192a60ab1dd09e4f8bce82710a5feb0\spring-boot-starter-tomcat-1.5.8.RELEASE.jar;C:\Users\knigmatullin\.gradle\caches\modules-2\files-2.1\org.hibernate\hibernate-validator\5.3.5.Final\622a9bcef2eed6d41b5b8e0662c36212009e375\hibernate-validator-5.3.5.Final.jar;C:\Users\knigmatullin\.gradle\caches\modules-2\files-2.1\com.fasterxml.jackson.core\jackson-databind\2.8.10\f7b83cb2bc4b88d53961e749e1ad32f49ef017b7\jackson-databind-2.8.10.jar;C:\Users\knigmatullin\.gradle\caches\modules-2\files-2.1\org.springframework\spring-webmvc\4.3.12.RELEASE\986e5dcd4435e780f6be64f8185eaa51523cf851\spring-webmvc-4.3.12.RELEASE.jar;C:\Users\knigmatullin\.gradle\caches\modules-2\files-2.1\org.springframework.security\spring-security-web\4.2.3.RELEASE\7a03e737484ca232d7146852f06d067ac21427ac\spring-security-web-4.2.3.RELEASE.jar;C:\Users\knigmatullin\.gradle\caches\modules-2\files-2.1\org.springframework\spring-web\4.3.12.RELEASE\86c29588cca74d0fc848b194cb13fcdfd12bc990\spring-web-4.3.12.RELEASE.jar;C:\Users\knigmatullin\.gradle\caches\modules-2\files-2.1\org.thymeleaf\thymeleaf-spring4\2.1.5.RELEASE\74cb9028e99597b5d71a98e919fd531a7fc290b4\thymeleaf-spring4-2.1.5.RELEASE.jar;C:\Users\knigmatullin\.gradle\caches\modules-2\files-2.1\nz.net.ultraq.thymeleaf\thymeleaf-layout-dialect\1.4.0\8d7810c069ed1534b9631fb1e85c35973546086\thymeleaf-layout-dialect-1.4.0.jar;C:\Users\knigmatullin\.gradle\caches\modules-2\files-2.1\org.springframework.security\spring-security-config\4.2.3.RELEASE\9f3771903616e33521836fd999d63efbfebf90d\spring-security-config-4.2.3.RELEASE.jar;C:\Users\knigmatullin\.gradle\caches\modules-2\files-2.1\org.springframework.security\spring-security-core\4.2.3.RELEASE\5c0e47a47036c94d6fdd02696bf52be6d1adbd4d\spring-security-core-4.2.3.RELEASE.jar;C:\Users\knigmatullin\.gradle\caches\modules-2\files-2.1\org.springframework.boot\spring-boot-test-autoconfigure\1.5.8.RELEASE\a8f986cc4b6ecef1417fe50c20984f12f54d15cc\spring-boot-test-autoconfigure-1.5.8.RELEASE.jar;C:\Users\knigmatullin\.gradle\caches\modules-2\files-2.1\org.springframework.boot\spring-boot-test\1.5.8.RELEASE\17dedee86d1a9e9bd409d715fd90650ca1049659\spring-boot-test-1.5.8.RELEASE.jar;C:\Users\knigmatullin\.gradle\caches\modules-2\files-2.1\org.springframework.boot\spring-boot-autoconfigure\1.5.8.RELEASE\e4f2efa4c319f4e3613d94fbccfdb5ccda6873e3\spring-boot-autoconfigure-1.5.8.RELEASE.jar;C:\Users\knigmatullin\.gradle\caches\modules-2\files-2.1\org.springframework.boot\spring-boot\1.5.8.RELEASE\748ebde51761e12627ad23d064024f342b18f9b4\spring-boot-1.5.8.RELEASE.jar;C:\Users\knigmatullin\.gradle\caches\modules-2\files-2.1\org.springframework\spring-context\4.3.12.RELEASE\5e6d26f36636f36b7efec1d6a0c5991284fbd95b\spring-context-4.3.12.RELEASE.jar;C:\Users\knigmatullin\.gradle\caches\modules-2\files-2.1\org.springframework\spring-aop\4.3.12.RELEASE\b3fef085902993c2ef874c45c7bfd79296d5a5a4\spring-aop-4.3.12.RELEASE.jar;C:\Users\knigmatullin\.gradle\caches\modules-2\files-2.1\org.junit\junit5-api\5.0.0-ALPHA\f922c956d9554395fdaf08fbd332048fb824c7fc\junit5-api-5.0.0-ALPHA.jar;C:\Users\knigmatullin\.gradle\caches\modules-2\files-2.1\org.junit\junit-engine-api\5.0.0-ALPHA\39790297bd312e0e6d2f83629558a18adc41e5ab\junit-engine-api-5.0.0-ALPHA.jar;C:\Users\knigmatullin\.gradle\caches\modules-2\files-2.1\com.jayway.jsonpath\json-path\2.2.0\22290d17944bd239fabf5ac69005a60a7ecbbbcb\json-path-2.2.0.jar;C:\Users\knigmatullin\.gradle\caches\modules-2\files-2.1\junit\junit\4.12\2973d150c0dc1fefe998f834810d68f278ea58ec\junit-4.12.jar;C:\Users\knigmatullin\.gradle\caches\modules-2\files-2.1\org.assertj\assertj-core\2.6.0\b532c3fc4f66bcfee4989a3514f1cd56203a33ad\assertj-core-2.6.0.jar;C:\Users\knigmatullin\.gradle\caches\modules-2\files-2.1\org.mockito\mockito-core\1.10.19\e8546f5bef4e061d8dd73895b4e8f40e3fe6effe\mockito-core-1.10.19.jar;C:\Users\knigmatullin\.gradle\caches\modules-2\files-2.1\org.hamcrest\hamcrest-library\1.3\4785a3c21320980282f9f33d0d1264a69040538f\hamcrest-library-1.3.jar;C:\Users\knigmatullin\.gradle\caches\modules-2\files-2.1\org.hamcrest\hamcrest-core\1.3\42a25dc3219429f0e5d060061f71acb49bf010a0\hamcrest-core-1.3.jar;C:\Users\knigmatullin\.gradle\caches\modules-2\files-2.1\org.skyscreamer\jsonassert\1.4.0\9cdbb373a06f6513e51e8c545ee6a5e981463edb\jsonassert-1.4.0.jar;C:\Users\knigmatullin\.gradle\caches\modules-2\files-2.1\org.springframework\spring-test\4.3.12.RELEASE\825a7ac1014528db722a6cc94cceaef2410cb314\spring-test-4.3.12.RELEASE.jar;C:\Users\knigmatullin\.gradle\caches\modules-2\files-2.1\org.springframework\spring-orm\4.3.12.RELEASE\47bbe35a92944aeedf06a388098581272f8db9bd\spring-orm-4.3.12.RELEASE.jar;C:\Users\knigmatullin\.gradle\caches\modules-2\files-2.1\org.springframework\spring-jdbc\4.3.12.RELEASE\5c840abbdc1a1dfd0f79c4a4c25eac0c98e6af22\spring-jdbc-4.3.12.RELEASE.jar;C:\Users\knigmatullin\.gradle\caches\modules-2\files-2.1\org.springframework.data\spring-data-commons\1.13.8.RELEASE\2853e3c38e02d42529f6c8b247d7bace40c25642\spring-data-commons-1.13.8.RELEASE.jar;C:\Users\knigmatullin\.gradle\caches\modules-2\files-2.1\org.springframework\spring-tx\4.3.12.RELEASE\7147b6839b2bf9db3621b79c73b4dddbe69572b6\spring-tx-4.3.12.RELEASE.jar;C:\Users\knigmatullin\.gradle\caches\modules-2\files-2.1\org.springframework\spring-beans\4.3.12.RELEASE\547dd432d47d0f01d9ccbedc4b705f9f7c1240a\spring-beans-4.3.12.RELEASE.jar;C:\Users\knigmatullin\.gradle\caches\modules-2\files-2.1\org.springframework\spring-expression\4.3.12.RELEASE\790f69f6ad7f9da8d4a92c603ad7244c398c8309\spring-expression-4.3.12.RELEASE.jar;C:\Users\knigmatullin\.gradle\caches\modules-2\files-2.1\org.springframework\spring-core\4.3.12.RELEASE\4cebc69478c6d350dbd5af28e3db7d5694f416e3\spring-core-4.3.12.RELEASE.jar;C:\Users\knigmatullin\.gradle\caches\modules-2\files-2.1\org.springframework.boot\spring-boot-starter-logging\1.5.8.RELEASE\ebc00a0e46753d90431fdcc5e3d6b9fd3bf1564a\spring-boot-starter-logging-1.5.8.RELEASE.jar;C:\Users\knigmatullin\.gradle\caches\modules-2\files-2.1\org.yaml\snakeyaml\1.17\7a27ea250c5130b2922b86dea63cbb1cc10a660c\snakeyaml-1.17.jar;C:\Users\knigmatullin\.gradle\caches\modules-2\files-2.1\org.aspectj\aspectjweaver\1.8.11\9807e0e13c8a295f15882721db50fa3d142c44a9\aspectjweaver-1.8.11.jar;C:\Users\knigmatullin\.gradle\caches\modules-2\files-2.1\org.apache.tomcat\tomcat-jdbc\8.5.23\6036400a8f2d90dd3ae3a4d09e5136c56002887b\tomcat-jdbc-8.5.23.jar;C:\Users\knigmatullin\.gradle\caches\modules-2\files-2.1\org.hibernate.common\hibernate-commons-annotations\5.0.1.Final\71e1cff3fcb20d3b3af4f3363c3ddb24d33c6879\hibernate-commons-annotations-5.0.1.Final.jar;C:\Users\knigmatullin\.gradle\caches\modules-2\files-2.1\org.jboss.logging\jboss-logging\3.3.1.Final\c46217ab74b532568c0ed31dc599db3048bd1b67\jboss-logging-3.3.1.Final.jar;C:\Users\knigmatullin\.gradle\caches\modules-2\files-2.1\org.hibernate.javax.persistence\hibernate-jpa-2.1-api\1.0.0.Final\5e731d961297e5a07290bfaf3db1fbc8bbbf405a\hibernate-jpa-2.1-api-1.0.0.Final.jar;C:\Users\knigmatullin\.gradle\caches\modules-2\files-2.1\org.thymeleaf\thymeleaf\2.1.5.RELEASE\513bffa3daaac277460c1a0a2dccb228fa40569e\thymeleaf-2.1.5.RELEASE.jar;C:\Users\knigmatullin\.gradle\caches\modules-2\files-2.1\org.javassist\javassist\3.21.0-GA\598244f595db5c5fb713731eddbb1c91a58d959b\javassist-3.21.0-GA.jar;C:\Users\knigmatullin\.gradle\caches\modules-2\files-2.1\antlr\antlr\2.7.7\83cd2cd674a217ade95a4bb83a8a14f351f48bd0\antlr-2.7.7.jar;C:\Users\knigmatullin\.gradle\caches\modules-2\files-2.1\org.jboss\jandex\2.0.0.Final\3e899258936f94649c777193e1be846387ed54b3\jandex-2.0.0.Final.jar;C:\Users\knigmatullin\.gradle\caches\modules-2\files-2.1\dom4j\dom4j\1.6.1\5d3ccc056b6f056dbf0dddfdf43894b9065a8f94\dom4j-1.6.1.jar;C:\Users\knigmatullin\.gradle\caches\modules-2\files-2.1\org.slf4j\jcl-over-slf4j\1.7.25\f8c32b13ff142a513eeb5b6330b1588dcb2c0461\jcl-over-slf4j-1.7.25.jar;C:\Users\knigmatullin\.gradle\caches\modules-2\files-2.1\ch.qos.logback\logback-classic\1.1.11\ccedfbacef4a6515d2983e3f89ed753d5d4fb665\logback-classic-1.1.11.jar;C:\Users\knigmatullin\.gradle\caches\modules-2\files-2.1\org.slf4j\jul-to-slf4j\1.7.25\af5364cd6679bfffb114f0dec8a157aaa283b76\jul-to-slf4j-1.7.25.jar;C:\Users\knigmatullin\.gradle\caches\modules-2\files-2.1\org.slf4j\log4j-over-slf4j\1.7.25\a87bb47468f47ee7aabbd54f93e133d4215769c3\log4j-over-slf4j-1.7.25.jar;C:\Users\knigmatullin\.gradle\caches\modules-2\files-2.1\org.slf4j\slf4j-api\1.7.25\da76ca59f6a57ee3102f8f9bd9cee742973efa8a\slf4j-api-1.7.25.jar;C:\Users\knigmatullin\.gradle\caches\modules-2\files-2.1\org.apache.tomcat.embed\tomcat-embed-websocket\8.5.23\52f07abcae10dc7e1764304b0877def175c2c833\tomcat-embed-websocket-8.5.23.jar;C:\Users\knigmatullin\.gradle\caches\modules-2\files-2.1\org.apache.tomcat.embed\tomcat-embed-core\8.5.23\79261793a47f507890ee08f749b9d81774e4f7f0\tomcat-embed-core-8.5.23.jar;C:\Users\knigmatullin\.gradle\caches\modules-2\files-2.1\org.apache.tomcat.embed\tomcat-embed-el\8.5.23\98d979cde444dffa6d434c8377d0123b2dfa614c\tomcat-embed-el-8.5.23.jar;C:\Users\knigmatullin\.gradle\caches\modules-2\files-2.1\javax.validation\validation-api\1.1.0.Final\8613ae82954779d518631e05daa73a6a954817d5\validation-api-1.1.0.Final.jar;C:\Users\knigmatullin\.gradle\caches\modules-2\files-2.1\com.fasterxml\classmate\1.3.4\3d5f48f10bbe4eb7bd862f10c0583be2e0053c6\classmate-1.3.4.jar;C:\Users\knigmatullin\.gradle\caches\modules-2\files-2.1\com.fasterxml.jackson.core\jackson-annotations\2.8.0\45b426f7796b741035581a176744d91090e2e6fb\jackson-annotations-2.8.0.jar;C:\Users\knigmatullin\.gradle\caches\modules-2\files-2.1\com.fasterxml.jackson.core\jackson-core\2.8.10\eb21a035c66ad307e66ec8fce37f5d50fd62d039\jackson-core-2.8.10.jar;C:\Users\knigmatullin\.gradle\caches\modules-2\files-2.1\org.codehaus.groovy\groovy\2.4.12\a43be367110c491787219f1c128b5b5fc54f1e70\groovy-2.4.12.jar;C:\Users\knigmatullin\.gradle\caches\modules-2\files-2.1\org.opentest4j\opentest4j\1.0.0-ALPHA\f917e19ddcd0d46787087d2644ba64655b16fdd4\opentest4j-1.0.0-ALPHA.jar;C:\Users\knigmatullin\.gradle\caches\modules-2\files-2.1\org.junit\junit-commons\5.0.0-ALPHA\c10e2f8592d46313f659160823134e63a77a8205\junit-commons-5.0.0-ALPHA.jar;C:\Users\knigmatullin\.gradle\caches\modules-2\files-2.1\net.minidev\json-smart\2.2.1\5b9e5df7a62d1279b70dc882b041d249c4f0b002\json-smart-2.2.1.jar;C:\Users\knigmatullin\.gradle\caches\modules-2\files-2.1\org.objenesis\objenesis\2.1\87c0ea803b69252868d09308b4618f766f135a96\objenesis-2.1.jar;C:\Users\knigmatullin\.gradle\caches\modules-2\files-2.1\com.vaadin.external.google\android-json\0.0.20131108.vaadin1\fa26d351fe62a6a17f5cda1287c1c6110dec413f\android-json-0.0.20131108.vaadin1.jar;C:\Users\knigmatullin\.gradle\caches\modules-2\files-2.1\org.apache.tomcat\tomcat-juli\8.5.23\98e7f0610b7b2fb8303f11be0210e3f5a56a7d55\tomcat-juli-8.5.23.jar;C:\Users\knigmatullin\.gradle\caches\modules-2\files-2.1\org.apache.tomcat\tomcat-annotations-api\8.5.23\aaf17df9fe0240e9e9d5375d24d5f177174b73d9\tomcat-annotations-api-8.5.23.jar;C:\Users\knigmatullin\.gradle\caches\modules-2\files-2.1\ognl\ognl\3.0.8\37e1aebfde7eb7baebc9ad4f85116ef9009c5fc5\ognl-3.0.8.jar;C:\Users\knigmatullin\.gradle\caches\modules-2\files-2.1\org.unbescape\unbescape\1.1.0.RELEASE\ab0db4fe0a6fa89fb8da2a40008a4e63a7f3f5b9\unbescape-1.1.0.RELEASE.jar;C:\Users\knigmatullin\.gradle\caches\modules-2\files-2.1\net.minidev\accessors-smart\1.1\a527213f2fea112a04c9bdf0ec0264e34104cd08\accessors-smart-1.1.jar;C:\Users\knigmatullin\.gradle\caches\modules-2\files-2.1\ch.qos.logback\logback-core\1.1.11\88b8df40340eed549fb07e2613879bf6b006704d\logback-core-1.1.11.jar;C:\Users\knigmatullin\.gradle\caches\modules-2\files-2.1\org.ow2.asm\asm\5.0.3\dcc2193db20e19e1feca8b1240dbbc4e190824fa\asm-5.0.3.jar, user.name=knigmatullin, java.vm.specification.version=1.8, sun.java.command=worker.org.gradle.process.internal.worker.GradleWorkerMain 'Gradle Test Executor 6', java.home=C:\Program Files\Java\jdk1.8.0_144\jre, sun.arch.data.model=64, user.language=ru, java.specification.vendor=Oracle Corporation, awt.toolkit=sun.awt.windows.WToolkit, java.vm.info=mixed mode, java.version=1.8.0_144, java.ext.dirs=C:\Program Files\Java\jdk1.8.0_144\jre\lib\ext;C:\Windows\Sun\Java\lib\ext, sun.boot.class.path=C:\Program Files\Java\jdk1.8.0_144\jre\lib\resources.jar;C:\Program Files\Java\jdk1.8.0_144\jre\lib\rt.jar;C:\Program Files\Java\jdk1.8.0_144\jre\lib\sunrsasign.jar;C:\Program Files\Java\jdk1.8.0_144\jre\lib\jsse.jar;C:\Program Files\Java\jdk1.8.0_144\jre\lib\jce.jar;C:\Program Files\Java\jdk1.8.0_144\jre\lib\charsets.jar;C:\Program Files\Java\jdk1.8.0_144\jre\lib\jfr.jar;C:\Program Files\Java\jdk1.8.0_144\jre\classes, java.vendor=Oracle Corporation, org.gradle.test.worker=6, file.separator=\, java.vendor.url.bug=http://bugreport.sun.com/bugreport/, sun.io.unicode.encoding=UnicodeLittle, sun.cpu.endian=little, sun.desktop=windows, sun.cpu.isalist=amd64}}, SystemEnvironmentPropertySource@1244815104 {name='systemEnvironment', properties={USERDOMAIN_ROAMINGPROFILE=CMX, PROCESSOR_LEVEL=6, ConEmuWorkDrive=C:, FP_NO_HOST_CHECK=NO, SESSIONNAME=Console, ALLUSERSPROFILE=C:\ProgramData, PROCESSOR_ARCHITECTURE=AMD64, ConEmuANSI=ON, PSModulePath=C:\Windows\system32\WindowsPowerShell\v1.0\Modules\;c:\Program Files\Microsoft Security Client\MpProvider\, SystemDrive=C:, MAVEN_HOME=C:\Program Files (x86)\Apache Software Foundation\apache-maven-3.5.0, ConEmuDrawHWND=0x0002056E, DIRNAME=C:\Gradle\gradle-4.1\bin\, USERNAME=knigmatullin, USERDNSDOMAIN=CMX.RU, CMD_LINE_ARGS=test, ProgramFiles(x86)=C:\Program Files (x86), ConEmuServerPID=3924, APP_HOME=C:\Gradle\gradle-4.1\bin\.., ConEmuBaseDir=C:\Program Files\ConEmu\ConEmu, PATHEXT=.COM;.EXE;.BAT;.CMD;.VBS;.VBE;.JS;.JSE;.WSF;.WSH;.MSC, ProgramData=C:\ProgramData, ProgramW6432=C:\Program Files, HOMEPATH=\Users\knigmatullin, PROCESSOR_IDENTIFIER=Intel64 Family 6 Model 94 Stepping 3, GenuineIntel, ConEmuBackHWND=0x00020570, ProgramFiles=C:\Program Files, PUBLIC=C:\Users\Public, ANSICON_DEF=7, windir=C:\Windows, =::=::\, ConEmuWorkDir=C:\Users\knigmatullin, _SKIP=2, ConEmuHooks=Enabled, LOCALAPPDATA=C:\Users\knigmatullin\AppData\Local, USERDOMAIN=CMX, LOGONSERVER=\\MSKDC1, ConEmuConfig=, JAVA_HOME=C:\Program Files\Java\jdk1.8.0_144, PROMPT=$E[m$E[32m$E]9;8;"USERNAME"$E\@$E]9;8;"COMPUTERNAME"$E\$S$E[92m$P$E[90m$_$E[90m$G$E[m$S$E]9;12$E\, ConEmuArgs=, ConEmuDrive=C:, =C:=C:\studying\spring-boot, APPDATA=C:\Users\knigmatullin\AppData\Roaming, ConEmuHWND=0x00030478, JAVA_EXE=C:\Program Files\Java\jdk1.8.0_144/bin/java.exe, windows_tracing_logfile=C:\BVTBin\Tests\installpackage\csilogfile.log, CommonProgramFiles=C:\Program Files\Common Files, Path=C:\Program Files\ConEmu\ConEmu\Scripts;C:\Program Files\ConEmu;C:\Program Files\ConEmu\ConEmu;C:\Program Files (x86)\Intel\iCLS Client\;C:\Program Files\Intel\iCLS Client\;C:\Windows\system32;C:\Windows;C:\Windows\System32\Wbem;C:\Windows\System32\WindowsPowerShell\v1.0\;C:\Program Files (x86)\Intel\Intel(R) Management Engine Components\DAL;C:\Program Files\Intel\Intel(R) Management Engine Components\DAL;C:\Program Files (x86)\Intel\Intel(R) Management Engine Components\IPT;C:\Program Files\Intel\Intel(R) Management Engine Components\IPT;C:\Program Files (x86)\Skype\Phone\;C:\Program Files\TortoiseSVN\bin;C:\Program Files\Git\cmd;C:\Gradle\gradle-4.1\bin;C:\Program Files\PuTTY\;C:\Program Files (x86)\Apache Software Foundation\apache-maven-3.5.0\bin;C:\Program Files (x86)\Apache Software Foundation\apache-maven-3.5.0;C:\Program Files\Java\jdk1.8.0_144;C:\Program Files\Java\jdk1.8.0_144\bin, OS=Windows_NT, windows_tracing_flags=3, COMPUTERNAME=FKXGRH2, ConEmuAnsiLog=, ConEmuArgs2=, PROCESSOR_REVISION=5e03, CLASSPATH=C:\Gradle\gradle-4.1\bin\..\lib\gradle-launcher-4.1.jar, CommonProgramW6432=C:\Program Files\Common Files, ConEmuPID=6364, ComSpec=C:\Windows\system32\cmd.exe, APP_BASE_NAME=gradle, ConEmuDir=C:\Program Files\ConEmu, ConEmuBuild=161206, SystemRoot=C:\Windows, TEMP=C:\Users\KNIGMA~1\AppData\Local\Temp, HOMEDRIVE=C:, USERPROFILE=C:\Users\knigmatullin, TMP=C:\Users\KNIGMA~1\AppData\Local\Temp, ConEmuPalette=<ConEmu>, CommonProgramFiles(x86)=C:\Program Files (x86)\Common Files, ConEmuPrompt0=$E[m$E[32m$E]9;8;"USERNAME"$E\@$E]9;8;"COMPUTERNAME"$E\$S, ConEmuPrompt1=$E[m$E[32m$E]9;8;"USERNAME"$E\@$E]9;8;"COMPUTERNAME"$E\$S$E[92m$P$E[90m, NUMBER_OF_PROCESSORS=8, ConEmuPrompt2=$_$E[90m$G, ConEmuPrompt3=$E[m$S$E]9;12$E\, ConEmuTask={Shells::cmd}, ANSICON=230x1000 (230x49)}}]
14:02:06.316 [Test worker] DEBUG org.springframework.core.io.support.PathMatchingResourcePatternResolver - Resolved classpath location [com/example/service/] to resources [URL [file:/C:/studying/spring-boot/build/classes/java/test/com/example/service/], URL [file:/C:/studying/spring-boot/build/classes/java/main/com/example/service/]]
14:02:06.316 [Test worker] DEBUG org.springframework.core.io.support.PathMatchingResourcePatternResolver - Looking for matching resources in directory tree [C:\studying\spring-boot\build\classes\java\test\com\example\service]
14:02:06.316 [Test worker] DEBUG org.springframework.core.io.support.PathMatchingResourcePatternResolver - Searching directory [C:\studying\spring-boot\build\classes\java\test\com\example\service] for files matching pattern [C:/studying/spring-boot/build/classes/java/test/com/example/service/*.class]
14:02:06.326 [Test worker] DEBUG org.springframework.core.io.support.PathMatchingResourcePatternResolver - Looking for matching resources in directory tree [C:\studying\spring-boot\build\classes\java\main\com\example\service]
14:02:06.326 [Test worker] DEBUG org.springframework.core.io.support.PathMatchingResourcePatternResolver - Searching directory [C:\studying\spring-boot\build\classes\java\main\com\example\service] for files matching pattern [C:/studying/spring-boot/build/classes/java/main/com/example/service/*.class]
14:02:06.326 [Test worker] DEBUG org.springframework.core.io.support.PathMatchingResourcePatternResolver - Resolved location pattern [classpath*:com/example/service/*.class] to resources [file [C:\studying\spring-boot\build\classes\java\test\com\example\service\AdvancedServiceTest.class], file [C:\studying\spring-boot\build\classes\java\test\com\example\service\BasicServiceTest.class], file [C:\studying\spring-boot\build\classes\java\main\com\example\service\AdvancedService.class], file [C:\studying\spring-boot\build\classes\java\main\com\example\service\BasicService.class]]
14:02:06.336 [Test worker] DEBUG org.springframework.core.io.support.PathMatchingResourcePatternResolver - Resolved classpath location [com/example/] to resources [URL [file:/C:/studying/spring-boot/build/classes/java/test/com/example/], URL [file:/C:/studying/spring-boot/build/classes/java/main/com/example/]]
14:02:06.336 [Test worker] DEBUG org.springframework.core.io.support.PathMatchingResourcePatternResolver - Looking for matching resources in directory tree [C:\studying\spring-boot\build\classes\java\test\com\example]
14:02:06.336 [Test worker] DEBUG org.springframework.core.io.support.PathMatchingResourcePatternResolver - Searching directory [C:\studying\spring-boot\build\classes\java\test\com\example] for files matching pattern [C:/studying/spring-boot/build/classes/java/test/com/example/*.class]
14:02:06.336 [Test worker] DEBUG org.springframework.core.io.support.PathMatchingResourcePatternResolver - Looking for matching resources in directory tree [C:\studying\spring-boot\build\classes\java\main\com\example]
14:02:06.336 [Test worker] DEBUG org.springframework.core.io.support.PathMatchingResourcePatternResolver - Searching directory [C:\studying\spring-boot\build\classes\java\main\com\example] for files matching pattern [C:/studying/spring-boot/build/classes/java/main/com/example/*.class]
14:02:06.336 [Test worker] DEBUG org.springframework.core.io.support.PathMatchingResourcePatternResolver - Resolved location pattern [classpath*:com/example/*.class] to resources [file [C:\studying\spring-boot\build\classes\java\main\com\example\SpringBootPostgresExample.class]]
14:02:06.356 [Test worker] DEBUG org.springframework.context.annotation.ClassPathScanningCandidateComponentProvider - Identified candidate component class: file [C:\studying\spring-boot\build\classes\java\main\com\example\SpringBootPostgresExample.class]
14:02:06.356 [Test worker] INFO org.springframework.boot.test.context.SpringBootTestContextBootstrapper - Found @SpringBootConfiguration com.example.SpringBootPostgresExample for test class com.example.service.AdvancedServiceTest
14:02:06.366 [Test worker] DEBUG org.springframework.boot.test.context.SpringBootTestContextBootstrapper - @TestExecutionListeners is not present for class [com.example.service.AdvancedServiceTest]: using defaults.
14:02:06.366 [Test worker] INFO org.springframework.boot.test.context.SpringBootTestContextBootstrapper - Loaded default TestExecutionListener class names from location [META-INF/spring.factories]: [org.springframework.boot.test.autoconfigure.restdocs.RestDocsTestExecutionListener, org.springframework.boot.test.autoconfigure.web.client.MockRestServiceServerResetTestExecutionListener, org.springframework.boot.test.autoconfigure.web.servlet.MockMvcPrintOnlyOnFailureTestExecutionListener, org.springframework.boot.test.autoconfigure.web.servlet.WebDriverTestExecutionListener, org.springframework.boot.test.mock.mockito.MockitoTestExecutionListener, org.springframework.boot.test.mock.mockito.ResetMocksTestExecutionListener, org.springframework.test.context.web.ServletTestExecutionListener, org.springframework.test.context.support.DirtiesContextBeforeModesTestExecutionListener, org.springframework.test.context.support.DependencyInjectionTestExecutionListener, org.springframework.test.context.support.DirtiesContextTestExecutionListener, org.springframework.test.context.transaction.TransactionalTestExecutionListener, org.springframework.test.context.jdbc.SqlScriptsTestExecutionListener]
14:02:06.376 [Test worker] INFO org.springframework.boot.test.context.SpringBootTestContextBootstrapper - Using TestExecutionListeners: [org.springframework.test.context.web.ServletTestExecutionListener@3e2066a8, org.springframework.test.context.support.DirtiesContextBeforeModesTestExecutionListener@73edf762, org.springframework.boot.test.autoconfigure.SpringBootDependencyInjectionTestExecutionListener@40057548, org.springframework.test.context.support.DirtiesContextTestExecutionListener@49f8ca31, org.springframework.test.context.transaction.TransactionalTestExecutionListener@7450f080, org.springframework.test.context.jdbc.SqlScriptsTestExecutionListener@681a5f8f, org.springframework.boot.test.mock.mockito.MockitoTestExecutionListener@35ed8f1, org.springframework.boot.test.autoconfigure.web.client.MockRestServiceServerResetTestExecutionListener@c7833e9, org.springframework.boot.test.autoconfigure.restdocs.RestDocsTestExecutionListener@7fdf0616, org.springframework.boot.test.autoconfigure.web.servlet.WebDriverTestExecutionListener@4503d845, org.springframework.boot.test.mock.mockito.ResetMocksTestExecutionListener@306f0944, org.springframework.boot.test.autoconfigure.web.servlet.MockMvcPrintOnlyOnFailureTestExecutionListener@7dc593db]
14:02:06.376 [Test worker] DEBUG org.springframework.test.annotation.ProfileValueUtils - Retrieved @ProfileValueSourceConfiguration [null] for test class [com.example.service.AdvancedServiceTest]
14:02:06.376 [Test worker] DEBUG org.springframework.test.annotation.ProfileValueUtils - Retrieved ProfileValueSource type [class org.springframework.test.annotation.SystemProfileValueSource] for class [com.example.service.AdvancedServiceTest]
14:02:06.376 [Test worker] DEBUG org.springframework.test.annotation.ProfileValueUtils - Retrieved @ProfileValueSourceConfiguration [null] for test class [com.example.service.AdvancedServiceTest]
14:02:06.386 [Test worker] DEBUG org.springframework.test.annotation.ProfileValueUtils - Retrieved ProfileValueSource type [class org.springframework.test.annotation.SystemProfileValueSource] for class [com.example.service.AdvancedServiceTest]
14:02:06.386 [Test worker] DEBUG org.springframework.test.context.support.AbstractDirtiesContextTestExecutionListener - Before test class: context [DefaultTestContext@5658c65f testClass = AdvancedServiceTest, testInstance = [null], testMethod = [null], testException = [null], mergedContextConfiguration = [WebMergedContextConfiguration@74e9a30a testClass = AdvancedServiceTest, locations = '{}', classes = '{class com.example.SpringBootPostgresExample}', contextInitializerClasses = '[]', activeProfiles = '{}', propertySourceLocations = '{}', propertySourceProperties = '{org.springframework.boot.test.context.SpringBootTestContextBootstrapper=true}', contextCustomizers = set[org.springframework.boot.test.autoconfigure.properties.PropertyMappingContextCustomizer@0, org.springframework.boot.test.autoconfigure.web.servlet.WebDriverContextCustomizerFactory$Customizer@56fc8e13, org.springframework.boot.test.context.SpringBootTestContextCustomizer@7ba2b790, org.springframework.boot.test.context.filter.ExcludeFilterContextCustomizer@2a6a3a3e, org.springframework.boot.test.json.DuplicateJsonObjectContextCustomizerFactory$DuplicateJsonObjectContextCustomizer@75703b34, org.springframework.boot.test.mock.mockito.MockitoContextCustomizer@0], resourceBasePath = 'src/main/webapp', contextLoader = 'org.springframework.boot.test.context.SpringBootContextLoader', parent = [null]]], class annotated with @DirtiesContext [false] with mode [null].
14:02:06.386 [Test worker] DEBUG org.springframework.test.annotation.ProfileValueUtils - Retrieved @ProfileValueSourceConfiguration [null] for test class [com.example.service.AdvancedServiceTest]
14:02:06.386 [Test worker] DEBUG org.springframework.test.annotation.ProfileValueUtils - Retrieved ProfileValueSource type [class org.springframework.test.annotation.SystemProfileValueSource] for class [com.example.service.AdvancedServiceTest]
14:02:06.426 [Test worker] DEBUG org.springframework.core.env.StandardEnvironment - Adding PropertySource 'systemProperties' with lowest search precedence
14:02:06.426 [Test worker] DEBUG org.springframework.core.env.StandardEnvironment - Adding PropertySource 'systemEnvironment' with lowest search precedence
14:02:06.426 [Test worker] DEBUG org.springframework.core.env.StandardEnvironment - Initialized StandardEnvironment with PropertySources [MapPropertySource@614174855 {name='systemProperties', properties={java.runtime.name=Java(TM) SE Runtime Environment, sun.boot.library.path=C:\Program Files\Java\jdk1.8.0_144\jre\bin, java.vm.version=25.144-b01, java.vm.vendor=Oracle Corporation, java.vendor.url=http://java.oracle.com/, path.separator=;, java.vm.name=Java HotSpot(TM) 64-Bit Server VM, file.encoding.pkg=sun.io, user.script=, sun.java.launcher=SUN_STANDARD, user.country=RU, sun.os.patch.level=Service Pack 1, java.vm.specification.name=Java Virtual Machine Specification, user.dir=C:\studying\spring-boot, java.runtime.version=1.8.0_144-b01, java.awt.graphicsenv=sun.awt.Win32GraphicsEnvironment, java.endorsed.dirs=C:\Program Files\Java\jdk1.8.0_144\jre\lib\endorsed, os.arch=amd64, java.io.tmpdir=C:\Users\KNIGMA~1\AppData\Local\Temp\, line.separator=
, java.vm.specification.vendor=Oracle Corporation, user.variant=, os.name=Windows 7, sun.jnu.encoding=Cp1251, java.library.path=C:\Program Files\Java\jdk1.8.0_144\bin;C:\Windows\Sun\Java\bin;C:\Windows\system32;C:\Windows;C:\Program Files\ConEmu\ConEmu\Scripts;C:\Program Files\ConEmu;C:\Program Files\ConEmu\ConEmu;C:\Program Files (x86)\Intel\iCLS Client\;C:\Program Files\Intel\iCLS Client\;C:\Windows\system32;C:\Windows;C:\Windows\System32\Wbem;C:\Windows\System32\WindowsPowerShell\v1.0\;C:\Program Files (x86)\Intel\Intel(R) Management Engine Components\DAL;C:\Program Files\Intel\Intel(R) Management Engine Components\DAL;C:\Program Files (x86)\Intel\Intel(R) Management Engine Components\IPT;C:\Program Files\Intel\Intel(R) Management Engine Components\IPT;C:\Program Files (x86)\Skype\Phone\;C:\Program Files\TortoiseSVN\bin;C:\Program Files\Git\cmd;C:\Gradle\gradle-4.1\bin;C:\Program Files\PuTTY\;C:\Program Files (x86)\Apache Software Foundation\apache-maven-3.5.0\bin;C:\Program Files (x86)\Apache Software Foundation\apache-maven-3.5.0;C:\Program Files\Java\jdk1.8.0_144;C:\Program Files\Java\jdk1.8.0_144\bin;., java.specification.name=Java Platform API Specification, java.class.version=52.0, org.gradle.native=false, sun.management.compiler=HotSpot 64-Bit Tiered Compilers, os.version=6.1, user.home=C:\Users\knigmatullin, user.timezone=Europe/Moscow, java.awt.printerjob=sun.awt.windows.WPrinterJob, file.encoding=windows-1251, java.specification.version=1.8, java.class.path=C:\studying\spring-boot\build\classes\java\test;C:\studying\spring-boot\build\resources\test;C:\studying\spring-boot\build\classes\java\main;C:\studying\spring-boot\build\resources\main;C:\Users\knigmatullin\.gradle\caches\modules-2\files-2.1\org.springframework.boot\spring-boot-starter-data-jpa\1.5.8.RELEASE\55bb5e8aea5707f79ee9888ad75261a7b7df4654\spring-boot-starter-data-jpa-1.5.8.RELEASE.jar;C:\Users\knigmatullin\.gradle\caches\modules-2\files-2.1\org.springframework.boot\spring-boot-starter-thymeleaf\1.5.8.RELEASE\255b749537ca0fa48adeb0c15cf48734b9ffcf5e\spring-boot-starter-thymeleaf-1.5.8.RELEASE.jar;C:\Users\knigmatullin\.gradle\caches\modules-2\files-2.1\org.springframework.boot\spring-boot-starter-web\1.5.8.RELEASE\7e0dc79e3b47be4539ad3c033639133ae6b7a17e\spring-boot-starter-web-1.5.8.RELEASE.jar;C:\Users\knigmatullin\.gradle\caches\modules-2\files-2.1\org.springframework.boot\spring-boot-starter-security\1.5.8.RELEASE\1f143627e30e74244e83223a5a9347c95a2dafbc\spring-boot-starter-security-1.5.8.RELEASE.jar;C:\Users\knigmatullin\.gradle\caches\modules-2\files-2.1\org.springframework.boot\spring-boot-devtools\1.5.8.RELEASE\ea212262e3ae47e76fa176358fcf9ee2780b80da\spring-boot-devtools-1.5.8.RELEASE.jar;C:\Users\knigmatullin\.gradle\caches\modules-2\files-2.1\org.junit\junit5-engine\5.0.0-ALPHA\ba25b68b3b58463f98b98dd8473c32c3f7b8824a\junit5-engine-5.0.0-ALPHA.jar;C:\Users\knigmatullin\.gradle\caches\modules-2\files-2.1\org.postgresql\postgresql\42.1.1\8a0b76d763f5382d6357c412eeb14970ba4405f3\postgresql-42.1.1.jar;C:\Users\knigmatullin\.gradle\caches\modules-2\files-2.1\org.springframework.boot\spring-boot-starter-test\1.5.8.RELEASE\20b767f594924b32950286f1236ab7d68ff861f9\spring-boot-starter-test-1.5.8.RELEASE.jar;C:\Users\knigmatullin\.gradle\caches\modules-2\files-2.1\org.springframework.boot\spring-boot-starter-aop\1.5.8.RELEASE\9bc9a40e0718726ed48f6becc509b2d186f1ebcc\spring-boot-starter-aop-1.5.8.RELEASE.jar;C:\Users\knigmatullin\.gradle\caches\modules-2\files-2.1\org.springframework.boot\spring-boot-starter-jdbc\1.5.8.RELEASE\fc98631eba9817c920b9ac1c5845214f49637a33\spring-boot-starter-jdbc-1.5.8.RELEASE.jar;C:\Users\knigmatullin\.gradle\caches\modules-2\files-2.1\org.springframework.boot\spring-boot-starter\1.5.8.RELEASE\18048efe1f06569022a53cc3fb2fe9c0162935a3\spring-boot-starter-1.5.8.RELEASE.jar;C:\Users\knigmatullin\.gradle\caches\modules-2\files-2.1\org.hibernate\hibernate-entitymanager\5.0.12.Final\302a526f5058290e9cbd719a5caf9f248d344719\hibernate-entitymanager-5.0.12.Final.jar;C:\Users\knigmatullin\.gradle\caches\modules-2\files-2.1\org.hibernate\hibernate-core\5.0.12.Final\e58bf1c660e6706d8e2cbb53bae110f574366102\hibernate-core-5.0.12.Final.jar;C:\Users\knigmatullin\.gradle\caches\modules-2\files-2.1\javax.transaction\javax.transaction-api\1.2\d81aff979d603edd90dcd8db2abc1f4ce6479e3e\javax.transaction-api-1.2.jar;C:\Users\knigmatullin\.gradle\caches\modules-2\files-2.1\org.springframework.data\spring-data-jpa\1.11.8.RELEASE\d674b8407de3d2998c106557fd6a6665de2bc217\spring-data-jpa-1.11.8.RELEASE.jar;C:\Users\knigmatullin\.gradle\caches\modules-2\files-2.1\org.springframework\spring-aspects\4.3.12.RELEASE\b0002bfdd0d58f09fc178afc5f2d0553ff117840\spring-aspects-4.3.12.RELEASE.jar;C:\Users\knigmatullin\.gradle\caches\modules-2\files-2.1\org.springframework.boot\spring-boot-starter-tomcat\1.5.8.RELEASE\cf3b7eb7e192a60ab1dd09e4f8bce82710a5feb0\spring-boot-starter-tomcat-1.5.8.RELEASE.jar;C:\Users\knigmatullin\.gradle\caches\modules-2\files-2.1\org.hibernate\hibernate-validator\5.3.5.Final\622a9bcef2eed6d41b5b8e0662c36212009e375\hibernate-validator-5.3.5.Final.jar;C:\Users\knigmatullin\.gradle\caches\modules-2\files-2.1\com.fasterxml.jackson.core\jackson-databind\2.8.10\f7b83cb2bc4b88d53961e749e1ad32f49ef017b7\jackson-databind-2.8.10.jar;C:\Users\knigmatullin\.gradle\caches\modules-2\files-2.1\org.springframework\spring-webmvc\4.3.12.RELEASE\986e5dcd4435e780f6be64f8185eaa51523cf851\spring-webmvc-4.3.12.RELEASE.jar;C:\Users\knigmatullin\.gradle\caches\modules-2\files-2.1\org.springframework.security\spring-security-web\4.2.3.RELEASE\7a03e737484ca232d7146852f06d067ac21427ac\spring-security-web-4.2.3.RELEASE.jar;C:\Users\knigmatullin\.gradle\caches\modules-2\files-2.1\org.springframework\spring-web\4.3.12.RELEASE\86c29588cca74d0fc848b194cb13fcdfd12bc990\spring-web-4.3.12.RELEASE.jar;C:\Users\knigmatullin\.gradle\caches\modules-2\files-2.1\org.thymeleaf\thymeleaf-spring4\2.1.5.RELEASE\74cb9028e99597b5d71a98e919fd531a7fc290b4\thymeleaf-spring4-2.1.5.RELEASE.jar;C:\Users\knigmatullin\.gradle\caches\modules-2\files-2.1\nz.net.ultraq.thymeleaf\thymeleaf-layout-dialect\1.4.0\8d7810c069ed1534b9631fb1e85c35973546086\thymeleaf-layout-dialect-1.4.0.jar;C:\Users\knigmatullin\.gradle\caches\modules-2\files-2.1\org.springframework.security\spring-security-config\4.2.3.RELEASE\9f3771903616e33521836fd999d63efbfebf90d\spring-security-config-4.2.3.RELEASE.jar;C:\Users\knigmatullin\.gradle\caches\modules-2\files-2.1\org.springframework.security\spring-security-core\4.2.3.RELEASE\5c0e47a47036c94d6fdd02696bf52be6d1adbd4d\spring-security-core-4.2.3.RELEASE.jar;C:\Users\knigmatullin\.gradle\caches\modules-2\files-2.1\org.springframework.boot\spring-boot-test-autoconfigure\1.5.8.RELEASE\a8f986cc4b6ecef1417fe50c20984f12f54d15cc\spring-boot-test-autoconfigure-1.5.8.RELEASE.jar;C:\Users\knigmatullin\.gradle\caches\modules-2\files-2.1\org.springframework.boot\spring-boot-test\1.5.8.RELEASE\17dedee86d1a9e9bd409d715fd90650ca1049659\spring-boot-test-1.5.8.RELEASE.jar;C:\Users\knigmatullin\.gradle\caches\modules-2\files-2.1\org.springframework.boot\spring-boot-autoconfigure\1.5.8.RELEASE\e4f2efa4c319f4e3613d94fbccfdb5ccda6873e3\spring-boot-autoconfigure-1.5.8.RELEASE.jar;C:\Users\knigmatullin\.gradle\caches\modules-2\files-2.1\org.springframework.boot\spring-boot\1.5.8.RELEASE\748ebde51761e12627ad23d064024f342b18f9b4\spring-boot-1.5.8.RELEASE.jar;C:\Users\knigmatullin\.gradle\caches\modules-2\files-2.1\org.springframework\spring-context\4.3.12.RELEASE\5e6d26f36636f36b7efec1d6a0c5991284fbd95b\spring-context-4.3.12.RELEASE.jar;C:\Users\knigmatullin\.gradle\caches\modules-2\files-2.1\org.springframework\spring-aop\4.3.12.RELEASE\b3fef085902993c2ef874c45c7bfd79296d5a5a4\spring-aop-4.3.12.RELEASE.jar;C:\Users\knigmatullin\.gradle\caches\modules-2\files-2.1\org.junit\junit5-api\5.0.0-ALPHA\f922c956d9554395fdaf08fbd332048fb824c7fc\junit5-api-5.0.0-ALPHA.jar;C:\Users\knigmatullin\.gradle\caches\modules-2\files-2.1\org.junit\junit-engine-api\5.0.0-ALPHA\39790297bd312e0e6d2f83629558a18adc41e5ab\junit-engine-api-5.0.0-ALPHA.jar;C:\Users\knigmatullin\.gradle\caches\modules-2\files-2.1\com.jayway.jsonpath\json-path\2.2.0\22290d17944bd239fabf5ac69005a60a7ecbbbcb\json-path-2.2.0.jar;C:\Users\knigmatullin\.gradle\caches\modules-2\files-2.1\junit\junit\4.12\2973d150c0dc1fefe998f834810d68f278ea58ec\junit-4.12.jar;C:\Users\knigmatullin\.gradle\caches\modules-2\files-2.1\org.assertj\assertj-core\2.6.0\b532c3fc4f66bcfee4989a3514f1cd56203a33ad\assertj-core-2.6.0.jar;C:\Users\knigmatullin\.gradle\caches\modules-2\files-2.1\org.mockito\mockito-core\1.10.19\e8546f5bef4e061d8dd73895b4e8f40e3fe6effe\mockito-core-1.10.19.jar;C:\Users\knigmatullin\.gradle\caches\modules-2\files-2.1\org.hamcrest\hamcrest-library\1.3\4785a3c21320980282f9f33d0d1264a69040538f\hamcrest-library-1.3.jar;C:\Users\knigmatullin\.gradle\caches\modules-2\files-2.1\org.hamcrest\hamcrest-core\1.3\42a25dc3219429f0e5d060061f71acb49bf010a0\hamcrest-core-1.3.jar;C:\Users\knigmatullin\.gradle\caches\modules-2\files-2.1\org.skyscreamer\jsonassert\1.4.0\9cdbb373a06f6513e51e8c545ee6a5e981463edb\jsonassert-1.4.0.jar;C:\Users\knigmatullin\.gradle\caches\modules-2\files-2.1\org.springframework\spring-test\4.3.12.RELEASE\825a7ac1014528db722a6cc94cceaef2410cb314\spring-test-4.3.12.RELEASE.jar;C:\Users\knigmatullin\.gradle\caches\modules-2\files-2.1\org.springframework\spring-orm\4.3.12.RELEASE\47bbe35a92944aeedf06a388098581272f8db9bd\spring-orm-4.3.12.RELEASE.jar;C:\Users\knigmatullin\.gradle\caches\modules-2\files-2.1\org.springframework\spring-jdbc\4.3.12.RELEASE\5c840abbdc1a1dfd0f79c4a4c25eac0c98e6af22\spring-jdbc-4.3.12.RELEASE.jar;C:\Users\knigmatullin\.gradle\caches\modules-2\files-2.1\org.springframework.data\spring-data-commons\1.13.8.RELEASE\2853e3c38e02d42529f6c8b247d7bace40c25642\spring-data-commons-1.13.8.RELEASE.jar;C:\Users\knigmatullin\.gradle\caches\modules-2\files-2.1\org.springframework\spring-tx\4.3.12.RELEASE\7147b6839b2bf9db3621b79c73b4dddbe69572b6\spring-tx-4.3.12.RELEASE.jar;C:\Users\knigmatullin\.gradle\caches\modules-2\files-2.1\org.springframework\spring-beans\4.3.12.RELEASE\547dd432d47d0f01d9ccbedc4b705f9f7c1240a\spring-beans-4.3.12.RELEASE.jar;C:\Users\knigmatullin\.gradle\caches\modules-2\files-2.1\org.springframework\spring-expression\4.3.12.RELEASE\790f69f6ad7f9da8d4a92c603ad7244c398c8309\spring-expression-4.3.12.RELEASE.jar;C:\Users\knigmatullin\.gradle\caches\modules-2\files-2.1\org.springframework\spring-core\4.3.12.RELEASE\4cebc69478c6d350dbd5af28e3db7d5694f416e3\spring-core-4.3.12.RELEASE.jar;C:\Users\knigmatullin\.gradle\caches\modules-2\files-2.1\org.springframework.boot\spring-boot-starter-logging\1.5.8.RELEASE\ebc00a0e46753d90431fdcc5e3d6b9fd3bf1564a\spring-boot-starter-logging-1.5.8.RELEASE.jar;C:\Users\knigmatullin\.gradle\caches\modules-2\files-2.1\org.yaml\snakeyaml\1.17\7a27ea250c5130b2922b86dea63cbb1cc10a660c\snakeyaml-1.17.jar;C:\Users\knigmatullin\.gradle\caches\modules-2\files-2.1\org.aspectj\aspectjweaver\1.8.11\9807e0e13c8a295f15882721db50fa3d142c44a9\aspectjweaver-1.8.11.jar;C:\Users\knigmatullin\.gradle\caches\modules-2\files-2.1\org.apache.tomcat\tomcat-jdbc\8.5.23\6036400a8f2d90dd3ae3a4d09e5136c56002887b\tomcat-jdbc-8.5.23.jar;C:\Users\knigmatullin\.gradle\caches\modules-2\files-2.1\org.hibernate.common\hibernate-commons-annotations\5.0.1.Final\71e1cff3fcb20d3b3af4f3363c3ddb24d33c6879\hibernate-commons-annotations-5.0.1.Final.jar;C:\Users\knigmatullin\.gradle\caches\modules-2\files-2.1\org.jboss.logging\jboss-logging\3.3.1.Final\c46217ab74b532568c0ed31dc599db3048bd1b67\jboss-logging-3.3.1.Final.jar;C:\Users\knigmatullin\.gradle\caches\modules-2\files-2.1\org.hibernate.javax.persistence\hibernate-jpa-2.1-api\1.0.0.Final\5e731d961297e5a07290bfaf3db1fbc8bbbf405a\hibernate-jpa-2.1-api-1.0.0.Final.jar;C:\Users\knigmatullin\.gradle\caches\modules-2\files-2.1\org.thymeleaf\thymeleaf\2.1.5.RELEASE\513bffa3daaac277460c1a0a2dccb228fa40569e\thymeleaf-2.1.5.RELEASE.jar;C:\Users\knigmatullin\.gradle\caches\modules-2\files-2.1\org.javassist\javassist\3.21.0-GA\598244f595db5c5fb713731eddbb1c91a58d959b\javassist-3.21.0-GA.jar;C:\Users\knigmatullin\.gradle\caches\modules-2\files-2.1\antlr\antlr\2.7.7\83cd2cd674a217ade95a4bb83a8a14f351f48bd0\antlr-2.7.7.jar;C:\Users\knigmatullin\.gradle\caches\modules-2\files-2.1\org.jboss\jandex\2.0.0.Final\3e899258936f94649c777193e1be846387ed54b3\jandex-2.0.0.Final.jar;C:\Users\knigmatullin\.gradle\caches\modules-2\files-2.1\dom4j\dom4j\1.6.1\5d3ccc056b6f056dbf0dddfdf43894b9065a8f94\dom4j-1.6.1.jar;C:\Users\knigmatullin\.gradle\caches\modules-2\files-2.1\org.slf4j\jcl-over-slf4j\1.7.25\f8c32b13ff142a513eeb5b6330b1588dcb2c0461\jcl-over-slf4j-1.7.25.jar;C:\Users\knigmatullin\.gradle\caches\modules-2\files-2.1\ch.qos.logback\logback-classic\1.1.11\ccedfbacef4a6515d2983e3f89ed753d5d4fb665\logback-classic-1.1.11.jar;C:\Users\knigmatullin\.gradle\caches\modules-2\files-2.1\org.slf4j\jul-to-slf4j\1.7.25\af5364cd6679bfffb114f0dec8a157aaa283b76\jul-to-slf4j-1.7.25.jar;C:\Users\knigmatullin\.gradle\caches\modules-2\files-2.1\org.slf4j\log4j-over-slf4j\1.7.25\a87bb47468f47ee7aabbd54f93e133d4215769c3\log4j-over-slf4j-1.7.25.jar;C:\Users\knigmatullin\.gradle\caches\modules-2\files-2.1\org.slf4j\slf4j-api\1.7.25\da76ca59f6a57ee3102f8f9bd9cee742973efa8a\slf4j-api-1.7.25.jar;C:\Users\knigmatullin\.gradle\caches\modules-2\files-2.1\org.apache.tomcat.embed\tomcat-embed-websocket\8.5.23\52f07abcae10dc7e1764304b0877def175c2c833\tomcat-embed-websocket-8.5.23.jar;C:\Users\knigmatullin\.gradle\caches\modules-2\files-2.1\org.apache.tomcat.embed\tomcat-embed-core\8.5.23\79261793a47f507890ee08f749b9d81774e4f7f0\tomcat-embed-core-8.5.23.jar;C:\Users\knigmatullin\.gradle\caches\modules-2\files-2.1\org.apache.tomcat.embed\tomcat-embed-el\8.5.23\98d979cde444dffa6d434c8377d0123b2dfa614c\tomcat-embed-el-8.5.23.jar;C:\Users\knigmatullin\.gradle\caches\modules-2\files-2.1\javax.validation\validation-api\1.1.0.Final\8613ae82954779d518631e05daa73a6a954817d5\validation-api-1.1.0.Final.jar;C:\Users\knigmatullin\.gradle\caches\modules-2\files-2.1\com.fasterxml\classmate\1.3.4\3d5f48f10bbe4eb7bd862f10c0583be2e0053c6\classmate-1.3.4.jar;C:\Users\knigmatullin\.gradle\caches\modules-2\files-2.1\com.fasterxml.jackson.core\jackson-annotations\2.8.0\45b426f7796b741035581a176744d91090e2e6fb\jackson-annotations-2.8.0.jar;C:\Users\knigmatullin\.gradle\caches\modules-2\files-2.1\com.fasterxml.jackson.core\jackson-core\2.8.10\eb21a035c66ad307e66ec8fce37f5d50fd62d039\jackson-core-2.8.10.jar;C:\Users\knigmatullin\.gradle\caches\modules-2\files-2.1\org.codehaus.groovy\groovy\2.4.12\a43be367110c491787219f1c128b5b5fc54f1e70\groovy-2.4.12.jar;C:\Users\knigmatullin\.gradle\caches\modules-2\files-2.1\org.opentest4j\opentest4j\1.0.0-ALPHA\f917e19ddcd0d46787087d2644ba64655b16fdd4\opentest4j-1.0.0-ALPHA.jar;C:\Users\knigmatullin\.gradle\caches\modules-2\files-2.1\org.junit\junit-commons\5.0.0-ALPHA\c10e2f8592d46313f659160823134e63a77a8205\junit-commons-5.0.0-ALPHA.jar;C:\Users\knigmatullin\.gradle\caches\modules-2\files-2.1\net.minidev\json-smart\2.2.1\5b9e5df7a62d1279b70dc882b041d249c4f0b002\json-smart-2.2.1.jar;C:\Users\knigmatullin\.gradle\caches\modules-2\files-2.1\org.objenesis\objenesis\2.1\87c0ea803b69252868d09308b4618f766f135a96\objenesis-2.1.jar;C:\Users\knigmatullin\.gradle\caches\modules-2\files-2.1\com.vaadin.external.google\android-json\0.0.20131108.vaadin1\fa26d351fe62a6a17f5cda1287c1c6110dec413f\android-json-0.0.20131108.vaadin1.jar;C:\Users\knigmatullin\.gradle\caches\modules-2\files-2.1\org.apache.tomcat\tomcat-juli\8.5.23\98e7f0610b7b2fb8303f11be0210e3f5a56a7d55\tomcat-juli-8.5.23.jar;C:\Users\knigmatullin\.gradle\caches\modules-2\files-2.1\org.apache.tomcat\tomcat-annotations-api\8.5.23\aaf17df9fe0240e9e9d5375d24d5f177174b73d9\tomcat-annotations-api-8.5.23.jar;C:\Users\knigmatullin\.gradle\caches\modules-2\files-2.1\ognl\ognl\3.0.8\37e1aebfde7eb7baebc9ad4f85116ef9009c5fc5\ognl-3.0.8.jar;C:\Users\knigmatullin\.gradle\caches\modules-2\files-2.1\org.unbescape\unbescape\1.1.0.RELEASE\ab0db4fe0a6fa89fb8da2a40008a4e63a7f3f5b9\unbescape-1.1.0.RELEASE.jar;C:\Users\knigmatullin\.gradle\caches\modules-2\files-2.1\net.minidev\accessors-smart\1.1\a527213f2fea112a04c9bdf0ec0264e34104cd08\accessors-smart-1.1.jar;C:\Users\knigmatullin\.gradle\caches\modules-2\files-2.1\ch.qos.logback\logback-core\1.1.11\88b8df40340eed549fb07e2613879bf6b006704d\logback-core-1.1.11.jar;C:\Users\knigmatullin\.gradle\caches\modules-2\files-2.1\org.ow2.asm\asm\5.0.3\dcc2193db20e19e1feca8b1240dbbc4e190824fa\asm-5.0.3.jar, user.name=knigmatullin, java.vm.specification.version=1.8, sun.java.command=worker.org.gradle.process.internal.worker.GradleWorkerMain 'Gradle Test Executor 6', java.home=C:\Program Files\Java\jdk1.8.0_144\jre, sun.arch.data.model=64, user.language=ru, java.specification.vendor=Oracle Corporation, awt.toolkit=sun.awt.windows.WToolkit, java.vm.info=mixed mode, java.version=1.8.0_144, java.ext.dirs=C:\Program Files\Java\jdk1.8.0_144\jre\lib\ext;C:\Windows\Sun\Java\lib\ext, sun.boot.class.path=C:\Program Files\Java\jdk1.8.0_144\jre\lib\resources.jar;C:\Program Files\Java\jdk1.8.0_144\jre\lib\rt.jar;C:\Program Files\Java\jdk1.8.0_144\jre\lib\sunrsasign.jar;C:\Program Files\Java\jdk1.8.0_144\jre\lib\jsse.jar;C:\Program Files\Java\jdk1.8.0_144\jre\lib\jce.jar;C:\Program Files\Java\jdk1.8.0_144\jre\lib\charsets.jar;C:\Program Files\Java\jdk1.8.0_144\jre\lib\jfr.jar;C:\Program Files\Java\jdk1.8.0_144\jre\classes, java.vendor=Oracle Corporation, org.gradle.test.worker=6, file.separator=\, java.vendor.url.bug=http://bugreport.sun.com/bugreport/, sun.io.unicode.encoding=UnicodeLittle, sun.cpu.endian=little, sun.desktop=windows, sun.cpu.isalist=amd64}}, SystemEnvironmentPropertySource@1286637227 {name='systemEnvironment', properties={USERDOMAIN_ROAMINGPROFILE=CMX, PROCESSOR_LEVEL=6, ConEmuWorkDrive=C:, FP_NO_HOST_CHECK=NO, SESSIONNAME=Console, ALLUSERSPROFILE=C:\ProgramData, PROCESSOR_ARCHITECTURE=AMD64, ConEmuANSI=ON, PSModulePath=C:\Windows\system32\WindowsPowerShell\v1.0\Modules\;c:\Program Files\Microsoft Security Client\MpProvider\, SystemDrive=C:, MAVEN_HOME=C:\Program Files (x86)\Apache Software Foundation\apache-maven-3.5.0, ConEmuDrawHWND=0x0002056E, DIRNAME=C:\Gradle\gradle-4.1\bin\, USERNAME=knigmatullin, USERDNSDOMAIN=CMX.RU, CMD_LINE_ARGS=test, ProgramFiles(x86)=C:\Program Files (x86), ConEmuServerPID=3924, APP_HOME=C:\Gradle\gradle-4.1\bin\.., ConEmuBaseDir=C:\Program Files\ConEmu\ConEmu, PATHEXT=.COM;.EXE;.BAT;.CMD;.VBS;.VBE;.JS;.JSE;.WSF;.WSH;.MSC, ProgramData=C:\ProgramData, ProgramW6432=C:\Program Files, HOMEPATH=\Users\knigmatullin, PROCESSOR_IDENTIFIER=Intel64 Family 6 Model 94 Stepping 3, GenuineIntel, ConEmuBackHWND=0x00020570, ProgramFiles=C:\Program Files, PUBLIC=C:\Users\Public, ANSICON_DEF=7, windir=C:\Windows, =::=::\, ConEmuWorkDir=C:\Users\knigmatullin, _SKIP=2, ConEmuHooks=Enabled, LOCALAPPDATA=C:\Users\knigmatullin\AppData\Local, USERDOMAIN=CMX, LOGONSERVER=\\MSKDC1, ConEmuConfig=, JAVA_HOME=C:\Program Files\Java\jdk1.8.0_144, PROMPT=$E[m$E[32m$E]9;8;"USERNAME"$E\@$E]9;8;"COMPUTERNAME"$E\$S$E[92m$P$E[90m$_$E[90m$G$E[m$S$E]9;12$E\, ConEmuArgs=, ConEmuDrive=C:, =C:=C:\studying\spring-boot, APPDATA=C:\Users\knigmatullin\AppData\Roaming, ConEmuHWND=0x00030478, JAVA_EXE=C:\Program Files\Java\jdk1.8.0_144/bin/java.exe, windows_tracing_logfile=C:\BVTBin\Tests\installpackage\csilogfile.log, CommonProgramFiles=C:\Program Files\Common Files, Path=C:\Program Files\ConEmu\ConEmu\Scripts;C:\Program Files\ConEmu;C:\Program Files\ConEmu\ConEmu;C:\Program Files (x86)\Intel\iCLS Client\;C:\Program Files\Intel\iCLS Client\;C:\Windows\system32;C:\Windows;C:\Windows\System32\Wbem;C:\Windows\System32\WindowsPowerShell\v1.0\;C:\Program Files (x86)\Intel\Intel(R) Management Engine Components\DAL;C:\Program Files\Intel\Intel(R) Management Engine Components\DAL;C:\Program Files (x86)\Intel\Intel(R) Management Engine Components\IPT;C:\Program Files\Intel\Intel(R) Management Engine Components\IPT;C:\Program Files (x86)\Skype\Phone\;C:\Program Files\TortoiseSVN\bin;C:\Program Files\Git\cmd;C:\Gradle\gradle-4.1\bin;C:\Program Files\PuTTY\;C:\Program Files (x86)\Apache Software Foundation\apache-maven-3.5.0\bin;C:\Program Files (x86)\Apache Software Foundation\apache-maven-3.5.0;C:\Program Files\Java\jdk1.8.0_144;C:\Program Files\Java\jdk1.8.0_144\bin, OS=Windows_NT, windows_tracing_flags=3, COMPUTERNAME=FKXGRH2, ConEmuAnsiLog=, ConEmuArgs2=, PROCESSOR_REVISION=5e03, CLASSPATH=C:\Gradle\gradle-4.1\bin\..\lib\gradle-launcher-4.1.jar, CommonProgramW6432=C:\Program Files\Common Files, ConEmuPID=6364, ComSpec=C:\Windows\system32\cmd.exe, APP_BASE_NAME=gradle, ConEmuDir=C:\Program Files\ConEmu, ConEmuBuild=161206, SystemRoot=C:\Windows, TEMP=C:\Users\KNIGMA~1\AppData\Local\Temp, HOMEDRIVE=C:, USERPROFILE=C:\Users\knigmatullin, TMP=C:\Users\KNIGMA~1\AppData\Local\Temp, ConEmuPalette=<ConEmu>, CommonProgramFiles(x86)=C:\Program Files (x86)\Common Files, ConEmuPrompt0=$E[m$E[32m$E]9;8;"USERNAME"$E\@$E]9;8;"COMPUTERNAME"$E\$S, ConEmuPrompt1=$E[m$E[32m$E]9;8;"USERNAME"$E\@$E]9;8;"COMPUTERNAME"$E\$S$E[92m$P$E[90m, NUMBER_OF_PROCESSORS=8, ConEmuPrompt2=$_$E[90m$G, ConEmuPrompt3=$E[m$S$E]9;12$E\, ConEmuTask={Shells::cmd}, ANSICON=230x1000 (230x49)}}]
14:02:06.426 [Test worker] DEBUG org.springframework.core.env.MutablePropertySources - Adding PropertySource 'inline' with highest search precedence
14:02:06.436 [Test worker] DEBUG org.springframework.test.context.support.TestPropertySourceUtils - Adding inlined properties to environment: {spring.jmx.enabled=false, org.springframework.boot.test.context.SpringBootTestContextBootstrapper=true, server.port=-1}
14:02:06.436 [Test worker] DEBUG org.springframework.core.env.StandardEnvironment - Adding PropertySource 'Inlined Test Properties' with highest search precedence

  .   ____          _            __ _ _
 /\\ / ___'_ __ _ _(_)_ __  __ _ \ \ \ \
( ( )\___ | '_ | '_| | '_ \/ _` | \ \ \ \
 \\/  ___)| |_)| | | | | || (_| |  ) ) ) )
  '  |____| .__|_| |_|_| |_\__, | / / / /
 =========|_|==============|___/=/_/_/_/
 :: Spring Boot ::        (v1.5.8.RELEASE)

2017-10-20 14:02:06.606  INFO 7668 --- [    Test worker] com.example.service.AdvancedServiceTest  : Starting AdvancedServiceTest on FKXGRH2 with PID 7668 (started by knigmatullin in C:\studying\spring-boot)
2017-10-20 14:02:06.606  INFO 7668 --- [    Test worker] com.example.service.AdvancedServiceTest  : No active profile set, falling back to default profiles: default
2017-10-20 14:02:06.776  INFO 7668 --- [    Test worker] o.s.w.c.s.GenericWebApplicationContext   : Refreshing org.springframework.web.context.support.GenericWebApplicationContext@39523540: startup date [Fri Oct 20 14:02:06 MSK 2017]; root of context hierarchy
2017-10-20 14:02:08.500  INFO 7668 --- [    Test worker] j.LocalContainerEntityManagerFactoryBean : Building JPA container EntityManagerFactory for persistence unit 'default'
2017-10-20 14:02:08.510  INFO 7668 --- [    Test worker] o.hibernate.jpa.internal.util.LogHelper  : HHH000204: Processing PersistenceUnitInfo [
	name: default
	...]
2017-10-20 14:02:08.560  INFO 7668 --- [    Test worker] org.hibernate.Version                    : HHH000412: Hibernate Core {5.0.12.Final}
2017-10-20 14:02:08.560  INFO 7668 --- [    Test worker] org.hibernate.cfg.Environment            : HHH000206: hibernate.properties not found
2017-10-20 14:02:08.560  INFO 7668 --- [    Test worker] org.hibernate.cfg.Environment            : HHH000021: Bytecode provider name : javassist
2017-10-20 14:02:08.590  INFO 7668 --- [    Test worker] o.hibernate.annotations.common.Version   : HCANN000001: Hibernate Commons Annotations {5.0.1.Final}
2017-10-20 14:02:08.730  INFO 7668 --- [    Test worker] org.hibernate.dialect.Dialect            : HHH000400: Using dialect: org.hibernate.dialect.PostgreSQLDialect
2017-10-20 14:02:08.820  INFO 7668 --- [    Test worker] o.h.e.j.e.i.LobCreatorBuilderImpl        : HHH000424: Disabling contextual LOB creation as createClob() method threw error : java.lang.reflect.InvocationTargetException
2017-10-20 14:02:08.820  INFO 7668 --- [    Test worker] org.hibernate.type.BasicTypeRegistry     : HHH000270: Type registration [java.util.UUID] overrides previous : org.hibernate.type.UUIDBinaryType@26cd7679
2017-10-20 14:02:08.940  WARN 7668 --- [    Test worker] o.h.t.d.java.JavaTypeDescriptorRegistry  : Could not find matching type descriptor for requested Java class [com.example.domain.MyJson]; using fallback
2017-10-20 14:02:09.090  INFO 7668 --- [    Test worker] org.hibernate.tool.hbm2ddl.SchemaUpdate  : HHH000228: Running hbm2ddl schema update
2017-10-20 14:02:09.140  INFO 7668 --- [    Test worker] o.h.h.i.QueryTranslatorFactoryInitiator  : HHH000397: Using ASTQueryTranslatorFactory
2017-10-20 14:02:09.240  INFO 7668 --- [    Test worker] j.LocalContainerEntityManagerFactoryBean : Initialized JPA EntityManagerFactory for persistence unit 'default'
2017-10-20 14:02:09.805  INFO 7668 --- [    Test worker] o.s.s.web.DefaultSecurityFilterChain     : Creating filter chain: org.springframework.security.web.util.matcher.AnyRequestMatcher@1, [org.springframework.security.web.context.request.async.WebAsyncManagerIntegrationFilter@7238e8c5, org.springframework.security.web.context.SecurityContextPersistenceFilter@3e82f5e2, org.springframework.security.web.header.HeaderWriterFilter@35daff01, org.springframework.security.web.authentication.logout.LogoutFilter@2393107d, org.springframework.security.web.authentication.UsernamePasswordAuthenticationFilter@68a00a96, org.springframework.security.web.savedrequest.RequestCacheAwareFilter@5a9fa8b8, org.springframework.security.web.servletapi.SecurityContextHolderAwareRequestFilter@28c08f26, org.springframework.security.web.authentication.AnonymousAuthenticationFilter@67cdcdb0, org.springframework.security.web.session.SessionManagementFilter@16c9086e, org.springframework.security.web.access.ExceptionTranslationFilter@1adea9b9, org.springframework.security.web.access.intercept.FilterSecurityInterceptor@bef4294]
2017-10-20 14:02:10.215  INFO 7668 --- [    Test worker] s.w.s.m.m.a.RequestMappingHandlerAdapter : Looking for @ControllerAdvice: org.springframework.web.context.support.GenericWebApplicationContext@39523540: startup date [Fri Oct 20 14:02:06 MSK 2017]; root of context hierarchy
2017-10-20 14:02:10.265  INFO 7668 --- [    Test worker] s.w.s.m.m.a.RequestMappingHandlerMapping : Mapped "{[/add],methods=[GET]}" onto org.springframework.web.servlet.ModelAndView com.example.controller.AddController.add()
2017-10-20 14:02:10.275  INFO 7668 --- [    Test worker] s.w.s.m.m.a.RequestMappingHandlerMapping : Mapped "{[/login-error],methods=[GET],consumes=[*/*]}" onto org.springframework.web.servlet.ModelAndView com.example.controller.BasicController.error() throws java.lang.Exception
2017-10-20 14:02:10.275  INFO 7668 --- [    Test worker] s.w.s.m.m.a.RequestMappingHandlerMapping : Mapped "{[/named],methods=[POST],consumes=[*/*]}" onto org.springframework.web.servlet.ModelAndView com.example.controller.BasicController.named() throws java.lang.Exception
2017-10-20 14:02:10.275  INFO 7668 --- [    Test worker] s.w.s.m.m.a.RequestMappingHandlerMapping : Mapped "{[/service],methods=[GET]}" onto org.springframework.web.servlet.ModelAndView com.example.controller.BasicController.service()
2017-10-20 14:02:10.275  INFO 7668 --- [    Test worker] s.w.s.m.m.a.RequestMappingHandlerMapping : Mapped "{[/login],methods=[GET],consumes=[*/*]}" onto org.springframework.web.servlet.ModelAndView com.example.controller.BasicController.login() throws java.lang.Exception
2017-10-20 14:02:10.275  INFO 7668 --- [    Test worker] s.w.s.m.m.a.RequestMappingHandlerMapping : Mapped "{[/post-delete],methods=[POST],consumes=[*/*]}" onto org.springframework.web.servlet.ModelAndView com.example.controller.BasicController.deleteById(java.lang.Integer) throws java.lang.Exception
2017-10-20 14:02:10.275  INFO 7668 --- [    Test worker] s.w.s.m.m.a.RequestMappingHandlerMapping : Mapped "{[/],methods=[GET]}" onto org.springframework.web.servlet.ModelAndView com.example.controller.BasicController.home()
2017-10-20 14:02:10.275  INFO 7668 --- [    Test worker] s.w.s.m.m.a.RequestMappingHandlerMapping : Mapped "{[/native],methods=[POST],consumes=[*/*]}" onto org.springframework.web.servlet.ModelAndView com.example.controller.BasicController.nativeQuery() throws java.lang.Exception
2017-10-20 14:02:10.275  INFO 7668 --- [    Test worker] s.w.s.m.m.a.RequestMappingHandlerMapping : Mapped "{[/loggingout],methods=[GET],consumes=[*/*]}" onto org.springframework.web.servlet.ModelAndView com.example.controller.BasicController.loggingout() throws java.lang.Exception
2017-10-20 14:02:10.275  INFO 7668 --- [    Test worker] s.w.s.m.m.a.RequestMappingHandlerMapping : Mapped "{[/logout-success],methods=[GET],consumes=[*/*]}" onto org.springframework.web.servlet.ModelAndView com.example.controller.BasicController.logoutSuccess() throws java.lang.Exception
2017-10-20 14:02:10.275  INFO 7668 --- [    Test worker] s.w.s.m.m.a.RequestMappingHandlerMapping : Mapped "{[/login-success],methods=[GET],consumes=[*/*]}" onto org.springframework.web.servlet.ModelAndView com.example.controller.BasicController.loginSuccess() throws java.lang.Exception
2017-10-20 14:02:10.275  INFO 7668 --- [    Test worker] s.w.s.m.m.a.RequestMappingHandlerMapping : Mapped "{[/fill],methods=[POST],consumes=[*/*]}" onto org.springframework.web.servlet.ModelAndView com.example.controller.BasicController.fillData() throws java.lang.Exception
2017-10-20 14:02:10.275  INFO 7668 --- [    Test worker] s.w.s.m.m.a.RequestMappingHandlerMapping : Mapped "{[/clean],methods=[POST],consumes=[*/*]}" onto org.springframework.web.servlet.ModelAndView com.example.controller.BasicController.cleanData() throws java.lang.Exception
2017-10-20 14:02:10.275  INFO 7668 --- [    Test worker] s.w.s.m.m.a.RequestMappingHandlerMapping : Mapped "{[/simple],methods=[POST],consumes=[*/*]}" onto org.springframework.web.servlet.ModelAndView com.example.controller.BasicController.simple() throws java.lang.Exception
2017-10-20 14:02:10.275  INFO 7668 --- [    Test worker] s.w.s.m.m.a.RequestMappingHandlerMapping : Mapped "{[/criteria],methods=[POST],consumes=[*/*]}" onto org.springframework.web.servlet.ModelAndView com.example.controller.BasicController.criteriaQuery() throws java.lang.Exception
2017-10-20 14:02:10.275  INFO 7668 --- [    Test worker] s.w.s.m.m.a.RequestMappingHandlerMapping : Mapped "{[/post-add],methods=[POST],consumes=[*/*]}" onto org.springframework.web.servlet.ModelAndView com.example.controller.BasicController.addStudent(java.lang.Integer,java.lang.String,java.lang.String,java.math.BigDecimal) throws java.lang.Exception
2017-10-20 14:02:10.275  INFO 7668 --- [    Test worker] s.w.s.m.m.a.RequestMappingHandlerMapping : Mapped "{[/post-findone],methods=[POST],consumes=[*/*]}" onto org.springframework.web.servlet.ModelAndView com.example.controller.BasicController.findById(java.lang.Integer) throws java.lang.Exception
2017-10-20 14:02:10.275  INFO 7668 --- [    Test worker] s.w.s.m.m.a.RequestMappingHandlerMapping : Mapped "{[/post-update],methods=[POST],consumes=[*/*]}" onto org.springframework.web.servlet.ModelAndView com.example.controller.BasicController.updateStudent(java.lang.Integer,java.lang.String,java.lang.String,java.math.BigDecimal) throws java.lang.Exception
2017-10-20 14:02:10.275  INFO 7668 --- [    Test worker] s.w.s.m.m.a.RequestMappingHandlerMapping : Mapped "{[/rest/],methods=[DELETE]}" onto public org.springframework.http.ResponseEntity<com.example.domain.WebService> com.example.controller.BasicRestController.deleteAll()
2017-10-20 14:02:10.275  INFO 7668 --- [    Test worker] s.w.s.m.m.a.RequestMappingHandlerMapping : Mapped "{[/rest/],methods=[POST],consumes=[application/json]}" onto public org.springframework.http.ResponseEntity<java.lang.Void> com.example.controller.BasicRestController.createWebService(com.example.domain.WebService,org.springframework.web.util.UriComponentsBuilder)
2017-10-20 14:02:10.275  INFO 7668 --- [    Test worker] s.w.s.m.m.a.RequestMappingHandlerMapping : Mapped "{[/rest/{id}],methods=[PUT],consumes=[application/json]}" onto public org.springframework.http.ResponseEntity<com.example.domain.WebService> com.example.controller.BasicRestController.updateWebService(int,com.example.domain.WebService) throws java.lang.Exception
2017-10-20 14:02:10.285  INFO 7668 --- [    Test worker] s.w.s.m.m.a.RequestMappingHandlerMapping : Mapped "{[/rest/price={price}],methods=[GET]}" onto public org.springframework.http.ResponseEntity<java.util.List<com.example.domain.WebService>> com.example.controller.BasicRestController.getByPrice(java.math.BigDecimal)
2017-10-20 14:02:10.285  INFO 7668 --- [    Test worker] s.w.s.m.m.a.RequestMappingHandlerMapping : Mapped "{[/rest/{id}],methods=[DELETE]}" onto public org.springframework.http.ResponseEntity<com.example.domain.WebService> com.example.controller.BasicRestController.deleteWebService(int)
2017-10-20 14:02:10.285  INFO 7668 --- [    Test worker] s.w.s.m.m.a.RequestMappingHandlerMapping : Mapped "{[/rest/fill],methods=[POST],consumes=[application/json]}" onto public org.springframework.http.ResponseEntity<java.lang.Void> com.example.controller.BasicRestController.fillWebService(java.util.List<com.example.domain.WebService>)
2017-10-20 14:02:10.285  INFO 7668 --- [    Test worker] s.w.s.m.m.a.RequestMappingHandlerMapping : Mapped "{[/rest/],methods=[GET]}" onto public org.springframework.http.ResponseEntity<java.util.List<com.example.domain.WebService>> com.example.controller.BasicRestController.getAllWebServices()
2017-10-20 14:02:10.285  INFO 7668 --- [    Test worker] s.w.s.m.m.a.RequestMappingHandlerMapping : Mapped "{[/rest/{id}],methods=[GET],produces=[application/json]}" onto public org.springframework.http.ResponseEntity<com.example.domain.WebService> com.example.controller.BasicRestController.getWebServiceById(int)
2017-10-20 14:02:10.285  INFO 7668 --- [    Test worker] s.w.s.m.m.a.RequestMappingHandlerMapping : Mapped "{[/delete],methods=[GET]}" onto org.springframework.web.servlet.ModelAndView com.example.controller.DeleteController.delete()
2017-10-20 14:02:10.285  INFO 7668 --- [    Test worker] s.w.s.m.m.a.RequestMappingHandlerMapping : Mapped "{[/example],methods=[GET]}" onto org.springframework.web.servlet.ModelAndView com.example.controller.ExampleController.example()
2017-10-20 14:02:10.285  INFO 7668 --- [    Test worker] s.w.s.m.m.a.RequestMappingHandlerMapping : Mapped "{[/findone],methods=[GET]}" onto org.springframework.web.servlet.ModelAndView com.example.controller.FindOneController.findOne()
2017-10-20 14:02:10.285  INFO 7668 --- [    Test worker] s.w.s.m.m.a.RequestMappingHandlerMapping : Mapped "{[/update],methods=[GET]}" onto org.springframework.web.servlet.ModelAndView com.example.controller.UpdateController.update()
2017-10-20 14:02:10.285  INFO 7668 --- [    Test worker] s.w.s.m.m.a.RequestMappingHandlerMapping : Mapped "{[/error]}" onto public org.springframework.http.ResponseEntity<java.util.Map<java.lang.String, java.lang.Object>> org.springframework.boot.autoconfigure.web.BasicErrorController.error(javax.servlet.http.HttpServletRequest)
2017-10-20 14:02:10.285  INFO 7668 --- [    Test worker] s.w.s.m.m.a.RequestMappingHandlerMapping : Mapped "{[/error],produces=[text/html]}" onto public org.springframework.web.servlet.ModelAndView org.springframework.boot.autoconfigure.web.BasicErrorController.errorHtml(javax.servlet.http.HttpServletRequest,javax.servlet.http.HttpServletResponse)
2017-10-20 14:02:10.305  INFO 7668 --- [    Test worker] o.s.w.s.handler.SimpleUrlHandlerMapping  : Mapped URL path [/webjars/**] onto handler of type [class org.springframework.web.servlet.resource.ResourceHttpRequestHandler]
2017-10-20 14:02:10.305  INFO 7668 --- [    Test worker] o.s.w.s.handler.SimpleUrlHandlerMapping  : Mapped URL path [/**] onto handler of type [class org.springframework.web.servlet.resource.ResourceHttpRequestHandler]
2017-10-20 14:02:10.335  INFO 7668 --- [    Test worker] o.s.w.s.handler.SimpleUrlHandlerMapping  : Mapped URL path [/**/favicon.ico] onto handler of type [class org.springframework.web.servlet.resource.ResourceHttpRequestHandler]
2017-10-20 14:02:10.775  INFO 7668 --- [    Test worker] com.example.service.AdvancedServiceTest  : Started AdvancedServiceTest in 4.339 seconds (JVM running for 5.049)
2017-10-20 14:02:10.805  INFO 7668 --- [    Test worker] o.s.t.c.transaction.TransactionContext   : Began transaction (1) for test context [DefaultTestContext@5658c65f testClass = AdvancedServiceTest, testInstance = com.example.service.AdvancedServiceTest@39d1dc9d, testMethod = nativeQueryNameEndsWith13@AdvancedServiceTest, testException = [null], mergedContextConfiguration = [WebMergedContextConfiguration@74e9a30a testClass = AdvancedServiceTest, locations = '{}', classes = '{class com.example.SpringBootPostgresExample}', contextInitializerClasses = '[]', activeProfiles = '{}', propertySourceLocations = '{}', propertySourceProperties = '{org.springframework.boot.test.context.SpringBootTestContextBootstrapper=true}', contextCustomizers = set[org.springframework.boot.test.autoconfigure.properties.PropertyMappingContextCustomizer@0, org.springframework.boot.test.autoconfigure.web.servlet.WebDriverContextCustomizerFactory$Customizer@56fc8e13, org.springframework.boot.test.context.SpringBootTestContextCustomizer@7ba2b790, org.springframework.boot.test.context.filter.ExcludeFilterContextCustomizer@2a6a3a3e, org.springframework.boot.test.json.DuplicateJsonObjectContextCustomizerFactory$DuplicateJsonObjectContextCustomizer@75703b34, org.springframework.boot.test.mock.mockito.MockitoContextCustomizer@0], resourceBasePath = 'src/main/webapp', contextLoader = 'org.springframework.boot.test.context.SpringBootContextLoader', parent = [null]]]; transaction manager [org.springframework.orm.jpa.JpaTransactionManager@662594cc]; rollback [true]
Hibernate: SELECT * FROM public."web_service" WHERE name like '%13'
2017-10-20 14:02:10.905  INFO 7668 --- [    Test worker] o.s.t.c.transaction.TransactionContext   : Rolled back transaction for test context [DefaultTestContext@5658c65f testClass = AdvancedServiceTest, testInstance = com.example.service.AdvancedServiceTest@39d1dc9d, testMethod = nativeQueryNameEndsWith13@AdvancedServiceTest, testException = [null], mergedContextConfiguration = [WebMergedContextConfiguration@74e9a30a testClass = AdvancedServiceTest, locations = '{}', classes = '{class com.example.SpringBootPostgresExample}', contextInitializerClasses = '[]', activeProfiles = '{}', propertySourceLocations = '{}', propertySourceProperties = '{org.springframework.boot.test.context.SpringBootTestContextBootstrapper=true}', contextCustomizers = set[org.springframework.boot.test.autoconfigure.properties.PropertyMappingContextCustomizer@0, org.springframework.boot.test.autoconfigure.web.servlet.WebDriverContextCustomizerFactory$Customizer@56fc8e13, org.springframework.boot.test.context.SpringBootTestContextCustomizer@7ba2b790, org.springframework.boot.test.context.filter.ExcludeFilterContextCustomizer@2a6a3a3e, org.springframework.boot.test.json.DuplicateJsonObjectContextCustomizerFactory$DuplicateJsonObjectContextCustomizer@75703b34, org.springframework.boot.test.mock.mockito.MockitoContextCustomizer@0], resourceBasePath = 'src/main/webapp', contextLoader = 'org.springframework.boot.test.context.SpringBootContextLoader', parent = [null]]].
2017-10-20 14:02:10.905  INFO 7668 --- [    Test worker] o.s.t.c.transaction.TransactionContext   : Began transaction (1) for test context [DefaultTestContext@5658c65f testClass = AdvancedServiceTest, testInstance = com.example.service.AdvancedServiceTest@b4df1a6, testMethod = getAllWithJsonData@AdvancedServiceTest, testException = [null], mergedContextConfiguration = [WebMergedContextConfiguration@74e9a30a testClass = AdvancedServiceTest, locations = '{}', classes = '{class com.example.SpringBootPostgresExample}', contextInitializerClasses = '[]', activeProfiles = '{}', propertySourceLocations = '{}', propertySourceProperties = '{org.springframework.boot.test.context.SpringBootTestContextBootstrapper=true}', contextCustomizers = set[org.springframework.boot.test.autoconfigure.properties.PropertyMappingContextCustomizer@0, org.springframework.boot.test.autoconfigure.web.servlet.WebDriverContextCustomizerFactory$Customizer@56fc8e13, org.springframework.boot.test.context.SpringBootTestContextCustomizer@7ba2b790, org.springframework.boot.test.context.filter.ExcludeFilterContextCustomizer@2a6a3a3e, org.springframework.boot.test.json.DuplicateJsonObjectContextCustomizerFactory$DuplicateJsonObjectContextCustomizer@75703b34, org.springframework.boot.test.mock.mockito.MockitoContextCustomizer@0], resourceBasePath = 'src/main/webapp', contextLoader = 'org.springframework.boot.test.context.SpringBootContextLoader', parent = [null]]]; transaction manager [org.springframework.orm.jpa.JpaTransactionManager@662594cc]; rollback [true]
Hibernate: SELECT * FROM public.web_service WHERE json_data @> CONCAT('{', '"price":', ?, '}')
Hibernate: update public.web_service set date_contract=?, json_data=?, name=?, price=? where id=?
Hibernate: update public.web_service set date_contract=?, json_data=?, name=?, price=? where id=?
Hibernate: update public.web_service set date_contract=?, json_data=?, name=?, price=? where id=?
Hibernate: update public.web_service set date_contract=?, json_data=?, name=?, price=? where id=?
Hibernate: SELECT * FROM public.web_service WHERE json_data @> CONCAT('{', '"price":', ?, '}')
2017-10-20 14:02:10.935  INFO 7668 --- [    Test worker] o.s.t.c.transaction.TransactionContext   : Rolled back transaction for test context [DefaultTestContext@5658c65f testClass = AdvancedServiceTest, testInstance = com.example.service.AdvancedServiceTest@b4df1a6, testMethod = getAllWithJsonData@AdvancedServiceTest, testException = [null], mergedContextConfiguration = [WebMergedContextConfiguration@74e9a30a testClass = AdvancedServiceTest, locations = '{}', classes = '{class com.example.SpringBootPostgresExample}', contextInitializerClasses = '[]', activeProfiles = '{}', propertySourceLocations = '{}', propertySourceProperties = '{org.springframework.boot.test.context.SpringBootTestContextBootstrapper=true}', contextCustomizers = set[org.springframework.boot.test.autoconfigure.properties.PropertyMappingContextCustomizer@0, org.springframework.boot.test.autoconfigure.web.servlet.WebDriverContextCustomizerFactory$Customizer@56fc8e13, org.springframework.boot.test.context.SpringBootTestContextCustomizer@7ba2b790, org.springframework.boot.test.context.filter.ExcludeFilterContextCustomizer@2a6a3a3e, org.springframework.boot.test.json.DuplicateJsonObjectContextCustomizerFactory$DuplicateJsonObjectContextCustomizer@75703b34, org.springframework.boot.test.mock.mockito.MockitoContextCustomizer@0], resourceBasePath = 'src/main/webapp', contextLoader = 'org.springframework.boot.test.context.SpringBootContextLoader', parent = [null]]].
2017-10-20 14:02:10.935  INFO 7668 --- [    Test worker] o.s.t.c.transaction.TransactionContext   : Began transaction (1) for test context [DefaultTestContext@5658c65f testClass = AdvancedServiceTest, testInstance = com.example.service.AdvancedServiceTest@1bdf45f1, testMethod = findAllByNameEndsWith10@AdvancedServiceTest, testException = [null], mergedContextConfiguration = [WebMergedContextConfiguration@74e9a30a testClass = AdvancedServiceTest, locations = '{}', classes = '{class com.example.SpringBootPostgresExample}', contextInitializerClasses = '[]', activeProfiles = '{}', propertySourceLocations = '{}', propertySourceProperties = '{org.springframework.boot.test.context.SpringBootTestContextBootstrapper=true}', contextCustomizers = set[org.springframework.boot.test.autoconfigure.properties.PropertyMappingContextCustomizer@0, org.springframework.boot.test.autoconfigure.web.servlet.WebDriverContextCustomizerFactory$Customizer@56fc8e13, org.springframework.boot.test.context.SpringBootTestContextCustomizer@7ba2b790, org.springframework.boot.test.context.filter.ExcludeFilterContextCustomizer@2a6a3a3e, org.springframework.boot.test.json.DuplicateJsonObjectContextCustomizerFactory$DuplicateJsonObjectContextCustomizer@75703b34, org.springframework.boot.test.mock.mockito.MockitoContextCustomizer@0], resourceBasePath = 'src/main/webapp', contextLoader = 'org.springframework.boot.test.context.SpringBootContextLoader', parent = [null]]]; transaction manager [org.springframework.orm.jpa.JpaTransactionManager@662594cc]; rollback [true]
Hibernate: select webservice0_.id as id1_0_, webservice0_.date_contract as date_con2_0_, webservice0_.json_data as json_dat3_0_, webservice0_.name as name4_0_, webservice0_.price as price5_0_ from public.web_service webservice0_ where webservice0_.name like ('%'||10)
2017-10-20 14:02:10.945  INFO 7668 --- [    Test worker] o.s.t.c.transaction.TransactionContext   : Rolled back transaction for test context [DefaultTestContext@5658c65f testClass = AdvancedServiceTest, testInstance = com.example.service.AdvancedServiceTest@1bdf45f1, testMethod = findAllByNameEndsWith10@AdvancedServiceTest, testException = [null], mergedContextConfiguration = [WebMergedContextConfiguration@74e9a30a testClass = AdvancedServiceTest, locations = '{}', classes = '{class com.example.SpringBootPostgresExample}', contextInitializerClasses = '[]', activeProfiles = '{}', propertySourceLocations = '{}', propertySourceProperties = '{org.springframework.boot.test.context.SpringBootTestContextBootstrapper=true}', contextCustomizers = set[org.springframework.boot.test.autoconfigure.properties.PropertyMappingContextCustomizer@0, org.springframework.boot.test.autoconfigure.web.servlet.WebDriverContextCustomizerFactory$Customizer@56fc8e13, org.springframework.boot.test.context.SpringBootTestContextCustomizer@7ba2b790, org.springframework.boot.test.context.filter.ExcludeFilterContextCustomizer@2a6a3a3e, org.springframework.boot.test.json.DuplicateJsonObjectContextCustomizerFactory$DuplicateJsonObjectContextCustomizer@75703b34, org.springframework.boot.test.mock.mockito.MockitoContextCustomizer@0], resourceBasePath = 'src/main/webapp', contextLoader = 'org.springframework.boot.test.context.SpringBootContextLoader', parent = [null]]].
2017-10-20 14:02:10.945  INFO 7668 --- [    Test worker] o.s.t.c.transaction.TransactionContext   : Began transaction (1) for test context [DefaultTestContext@5658c65f testClass = AdvancedServiceTest, testInstance = com.example.service.AdvancedServiceTest@6666d29b, testMethod = getByPriceGreaterOrEquals100@AdvancedServiceTest, testException = [null], mergedContextConfiguration = [WebMergedContextConfiguration@74e9a30a testClass = AdvancedServiceTest, locations = '{}', classes = '{class com.example.SpringBootPostgresExample}', contextInitializerClasses = '[]', activeProfiles = '{}', propertySourceLocations = '{}', propertySourceProperties = '{org.springframework.boot.test.context.SpringBootTestContextBootstrapper=true}', contextCustomizers = set[org.springframework.boot.test.autoconfigure.properties.PropertyMappingContextCustomizer@0, org.springframework.boot.test.autoconfigure.web.servlet.WebDriverContextCustomizerFactory$Customizer@56fc8e13, org.springframework.boot.test.context.SpringBootTestContextCustomizer@7ba2b790, org.springframework.boot.test.context.filter.ExcludeFilterContextCustomizer@2a6a3a3e, org.springframework.boot.test.json.DuplicateJsonObjectContextCustomizerFactory$DuplicateJsonObjectContextCustomizer@75703b34, org.springframework.boot.test.mock.mockito.MockitoContextCustomizer@0], resourceBasePath = 'src/main/webapp', contextLoader = 'org.springframework.boot.test.context.SpringBootContextLoader', parent = [null]]]; transaction manager [org.springframework.orm.jpa.JpaTransactionManager@662594cc]; rollback [true]
Hibernate: select webservice0_.id as id1_0_, webservice0_.date_contract as date_con2_0_, webservice0_.json_data as json_dat3_0_, webservice0_.name as name4_0_, webservice0_.price as price5_0_ from public.web_service webservice0_ where webservice0_.price>=100
2017-10-20 14:02:10.955  INFO 7668 --- [    Test worker] o.s.t.c.transaction.TransactionContext   : Rolled back transaction for test context [DefaultTestContext@5658c65f testClass = AdvancedServiceTest, testInstance = com.example.service.AdvancedServiceTest@6666d29b, testMethod = getByPriceGreaterOrEquals100@AdvancedServiceTest, testException = [null], mergedContextConfiguration = [WebMergedContextConfiguration@74e9a30a testClass = AdvancedServiceTest, locations = '{}', classes = '{class com.example.SpringBootPostgresExample}', contextInitializerClasses = '[]', activeProfiles = '{}', propertySourceLocations = '{}', propertySourceProperties = '{org.springframework.boot.test.context.SpringBootTestContextBootstrapper=true}', contextCustomizers = set[org.springframework.boot.test.autoconfigure.properties.PropertyMappingContextCustomizer@0, org.springframework.boot.test.autoconfigure.web.servlet.WebDriverContextCustomizerFactory$Customizer@56fc8e13, org.springframework.boot.test.context.SpringBootTestContextCustomizer@7ba2b790, org.springframework.boot.test.context.filter.ExcludeFilterContextCustomizer@2a6a3a3e, org.springframework.boot.test.json.DuplicateJsonObjectContextCustomizerFactory$DuplicateJsonObjectContextCustomizer@75703b34, org.springframework.boot.test.mock.mockito.MockitoContextCustomizer@0], resourceBasePath = 'src/main/webapp', contextLoader = 'org.springframework.boot.test.context.SpringBootContextLoader', parent = [null]]].
]]></system-out>
  <system-err><![CDATA[]]></system-err>
</testsuite>
